Watching for file changes with StatReloader
Waiting for apps ready_event.
Apps ready_event triggered. Sending autoreload_started signal.
Watching dir C:\Users\admin\Desktop\Bus-Scheduling-And-Routing\venv\Lib\site-packages\rest_framework\templates with glob **/*.
Watching dir C:\Users\admin\Desktop\Bus-Scheduling-And-Routing\bus_scheduler\locale with glob **/*.mo.
Watching dir C:\Users\admin\Desktop\Bus-Scheduling-And-Routing\venv\Lib\site-packages\rest_framework\locale with glob **/*.mo.
Watching dir C:\Users\admin\Desktop\Bus-Scheduling-And-Routing\venv\Lib\site-packages\rest_framework_simplejwt\locale with glob **/*.mo.
Watching dir C:\Users\admin\Desktop\Bus-Scheduling-And-Routing\bus_scheduler\api\locale with glob **/*.mo.
(0.000) 
            SELECT name, type FROM sqlite_master
            WHERE type in ('table', 'view') AND NOT name='sqlite_sequence'
            ORDER BY name; args=None; alias=default
(0.000) SELECT "django_migrations"."id", "django_migrations"."app", "django_migrations"."name", "django_migrations"."applied" FROM "django_migrations"; args=(); alias=default
File C:\Users\admin\Desktop\Bus-Scheduling-And-Routing\venv\Lib\site-packages\psycopg2\extensions.py first seen with mtime 1725172963.879954
File C:\Users\admin\Desktop\Bus-Scheduling-And-Routing\venv\Lib\site-packages\django\core\signing.py first seen with mtime 1725183122.5608962
File C:\Users\admin\AppData\Local\Programs\Python\Python311\Lib\email\mime\__init__.py first seen with mtime 1686097818.0
File C:\Users\admin\Desktop\Bus-Scheduling-And-Routing\venv\Lib\site-packages\django\contrib\admin\utils.py first seen with mtime 1725183105.721627
File C:\Users\admin\AppData\Local\Programs\Python\Python311\Lib\glob.py first seen with mtime 1686097818.0
File C:\Users\admin\AppData\Local\Programs\Python\Python311\Lib\importlib\metadata\__init__.py first seen with mtime 1686097818.0
File C:\Users\admin\Desktop\Bus-Scheduling-And-Routing\venv\Lib\site-packages\django\core\checks\messages.py first seen with mtime 1725183122.6281362
File C:\Users\admin\AppData\Local\Programs\Python\Python311\Lib\asyncio\base_events.py first seen with mtime 1686097818.0
File C:\Users\admin\Desktop\Bus-Scheduling-And-Routing\venv\Lib\site-packages\django\utils\lorem_ipsum.py first seen with mtime 1725183124.635767
File C:\Users\admin\Desktop\Bus-Scheduling-And-Routing\venv\Lib\site-packages\django\db\models\fields\related_lookups.py first seen with mtime 1725183123.820948
File C:\Users\admin\AppData\Local\Programs\Python\Python311\Lib\encodings\utf_8.py first seen with mtime 1686097818.0
File C:\Users\admin\Desktop\Bus-Scheduling-And-Routing\venv\Lib\site-packages\rest_framework_simplejwt\__init__.py first seen with mtime 1725173025.86552
File C:\Users\admin\AppData\Local\Programs\Python\Python311\Lib\struct.py first seen with mtime 1686097818.0
File C:\Users\admin\Desktop\Bus-Scheduling-And-Routing\venv\Lib\site-packages\django\db\backends\ddl_references.py first seen with mtime 1725183123.2454853
File C:\Users\admin\Desktop\Bus-Scheduling-And-Routing\venv\Lib\site-packages\pkg_resources\_vendor\pyparsing\testing.py first seen with mtime 1725172840.7518823
File C:\Users\admin\Desktop\Bus-Scheduling-And-Routing\venv\Lib\site-packages\uritemplate\variable.py first seen with mtime 1725183213.7416809
File C:\Users\admin\Desktop\Bus-Scheduling-And-Routing\venv\Lib\site-packages\django\db\backends\postgresql\__init__.py first seen with mtime 1725183123.3751545
File C:\Users\admin\Desktop\Bus-Scheduling-And-Routing\venv\Lib\site-packages\rest_framework\schemas\coreapi.py first seen with mtime 1725173021.562183
File C:\Users\admin\Desktop\Bus-Scheduling-And-Routing\venv\Lib\site-packages\rest_framework\utils\timezone.py first seen with mtime 1725173022.1063263
File C:\Users\admin\AppData\Local\Programs\Python\Python311\Lib\sysconfig.py first seen with mtime 1686097818.0
File C:\Users\admin\Desktop\Bus-Scheduling-And-Routing\venv\Lib\site-packages\django\db\backends\postgresql\psycopg_any.py first seen with mtime 1725183123.395085
File C:\Users\admin\Desktop\Bus-Scheduling-And-Routing\venv\Lib\site-packages\django\core\files\storage\__init__.py first seen with mtime 1725183122.7139077
File C:\Users\admin\Desktop\Bus-Scheduling-And-Routing\venv\Lib\site-packages\drf_yasg\errors.py first seen with mtime 1725183215.03221
File C:\Users\admin\AppData\Local\Programs\Python\Python311\Lib\asyncio\timeouts.py first seen with mtime 1686097818.0
File C:\Users\admin\Desktop\Bus-Scheduling-And-Routing\venv\Lib\site-packages\drf_yasg\inspectors\base.py first seen with mtime 1725183215.046173
File C:\Users\admin\Desktop\Bus-Scheduling-And-Routing\venv\Lib\site-packages\django\forms\__init__.py first seen with mtime 1725183123.9276607
File C:\Users\admin\Desktop\Bus-Scheduling-And-Routing\venv\Lib\site-packages\rest_framework\utils\breadcrumbs.py first seen with mtime 1725173022.0628452
File C:\Users\admin\AppData\Local\Programs\Python\Python311\Lib\wsgiref\util.py first seen with mtime 1686097818.0
File C:\Users\admin\Desktop\Bus-Scheduling-And-Routing\venv\Lib\site-packages\django\core\files\utils.py first seen with mtime 1725183122.711913
File C:\Users\admin\Desktop\Bus-Scheduling-And-Routing\venv\Lib\site-packages\django\forms\widgets.py first seen with mtime 1725183123.9575832
File C:\Users\admin\AppData\Local\Programs\Python\Python311\Lib\email\mime\text.py first seen with mtime 1686097818.0
File C:\Users\admin\Desktop\Bus-Scheduling-And-Routing\venv\Lib\site-packages\django\forms\models.py first seen with mtime 1725183123.9448156
File C:\Users\admin\Desktop\Bus-Scheduling-And-Routing\venv\Lib\site-packages\django\apps\registry.py first seen with mtime 1725183104.5824132
File C:\Users\admin\Desktop\Bus-Scheduling-And-Routing\venv\Lib\site-packages\django\views\generic\__init__.py first seen with mtime 1725183124.7354991
File C:\Users\admin\Desktop\Bus-Scheduling-And-Routing\venv\Lib\site-packages\django\db\models\aggregates.py first seen with mtime 1725183123.6583896
File C:\Users\admin\Desktop\Bus-Scheduling-And-Routing\venv\Lib\site-packages\django\db\models\enums.py first seen with mtime 1725183123.6853166
File C:\Users\admin\Desktop\Bus-Scheduling-And-Routing\venv\Lib\site-packages\django\contrib\contenttypes\checks.py first seen with mtime 1725183111.0511098
File C:\Users\admin\AppData\Local\Programs\Python\Python311\Lib\ast.py first seen with mtime 1686097818.0
File C:\Users\admin\Desktop\Bus-Scheduling-And-Routing\venv\Lib\site-packages\django\contrib\admin\actions.py first seen with mtime 1725183105.6884677
File C:\Users\admin\Desktop\Bus-Scheduling-And-Routing\venv\Lib\site-packages\django\middleware\csrf.py first seen with mtime 1725183124.4263258
File C:\Users\admin\Desktop\Bus-Scheduling-And-Routing\venv\Lib\site-packages\django\urls\exceptions.py first seen with mtime 1725183124.559968
File C:\Users\admin\Desktop\Bus-Scheduling-And-Routing\venv\Lib\site-packages\django\template\__init__.py first seen with mtime 1725183124.4412851
File C:\Users\admin\Desktop\Bus-Scheduling-And-Routing\venv\Lib\site-packages\django\utils\numberformat.py first seen with mtime 1725183124.639328
File C:\Users\admin\Desktop\Bus-Scheduling-And-Routing\venv\Lib\site-packages\rest_framework\__init__.py first seen with mtime 1725173020.8121898
File C:\Users\admin\AppData\Local\Programs\Python\Python311\Lib\pickle.py first seen with mtime 1686097818.0
File C:\Users\admin\Desktop\Bus-Scheduling-And-Routing\venv\Lib\site-packages\yaml\__init__.py first seen with mtime 1725183213.893257
File C:\Users\admin\Desktop\Bus-Scheduling-And-Routing\venv\Lib\site-packages\django\core\checks\caches.py first seen with mtime 1725183122.609676
File C:\Users\admin\Desktop\Bus-Scheduling-And-Routing\venv\Lib\site-packages\pkg_resources\_vendor\pyparsing\exceptions.py first seen with mtime 1725172840.7468958
File C:\Users\admin\Desktop\Bus-Scheduling-And-Routing\venv\Lib\site-packages\django\core\cache\backends\__init__.py first seen with mtime 1725183122.5792675
File C:\Users\admin\Desktop\Bus-Scheduling-And-Routing\venv\Lib\site-packages\django\contrib\admin\templatetags\base.py first seen with mtime 1725183108.2785256
File C:\Users\admin\Desktop\Bus-Scheduling-And-Routing\venv\Lib\site-packages\django\db\__init__.py first seen with mtime 1725183123.238504
File C:\Users\admin\Desktop\Bus-Scheduling-And-Routing\venv\Lib\site-packages\django\db\models\manager.py first seen with mtime 1725183123.6992834
File C:\Users\admin\Desktop\Bus-Scheduling-And-Routing\venv\Lib\site-packages\django\template\backends\django.py first seen with mtime 1725183124.4851687
File C:\Users\admin\Desktop\Bus-Scheduling-And-Routing\venv\Lib\site-packages\django\core\handlers\exception.py first seen with mtime 1725183122.7767448
File C:\Users\admin\Desktop\Bus-Scheduling-And-Routing\venv\Lib\site-packages\django\db\models\sql\constants.py first seen with mtime 1725183123.8738189
File C:\Users\admin\Desktop\Bus-Scheduling-And-Routing\venv\Lib\site-packages\django\views\__init__.py first seen with mtime 1725183124.6841176
File C:\Users\admin\Desktop\Bus-Scheduling-And-Routing\venv\Lib\site-packages\django\template\loaders\cached.py first seen with mtime 1725183124.4981356
File C:\Users\admin\Desktop\Bus-Scheduling-And-Routing\venv\Lib\site-packages\django\core\wsgi.py first seen with mtime 1725183122.5752852
File C:\Users\admin\Desktop\Bus-Scheduling-And-Routing\venv\Lib\site-packages\django\views\decorators\vary.py first seen with mtime 1725183124.7326949
File C:\Users\admin\Desktop\Bus-Scheduling-And-Routing\venv\Lib\site-packages\django\db\models\options.py first seen with mtime 1725183123.7053182
File C:\Users\admin\AppData\Local\Programs\Python\Python311\Lib\xml\dom\minicompat.py first seen with mtime 1686097818.0
File C:\Users\admin\Desktop\Bus-Scheduling-And-Routing\venv\Lib\site-packages\django\contrib\auth\checks.py first seen with mtime 1725183109.5870247
File C:\Users\admin\Desktop\Bus-Scheduling-And-Routing\venv\Lib\site-packages\django\db\backends\base\client.py first seen with mtime 1725183123.2724123
File C:\Users\admin\Desktop\Bus-Scheduling-And-Routing\venv\Lib\site-packages\rest_framework\schemas\utils.py first seen with mtime 1725173021.575149
File C:\Users\admin\Desktop\Bus-Scheduling-And-Routing\venv\Lib\site-packages\django\contrib\postgres\fields\__init__.py first seen with mtime 1725183118.4722848
File C:\Users\admin\AppData\Local\Programs\Python\Python311\Lib\signal.py first seen with mtime 1686097818.0
File C:\Users\admin\AppData\Local\Programs\Python\Python311\Lib\asyncio\taskgroups.py first seen with mtime 1686097818.0
File C:\Users\admin\Desktop\Bus-Scheduling-And-Routing\venv\Lib\site-packages\django\http\__init__.py first seen with mtime 1725183124.4063811
File C:\Users\admin\Desktop\Bus-Scheduling-And-Routing\venv\Lib\site-packages\django\core\management\base.py first seen with mtime 1725183123.027069
File C:\Users\admin\AppData\Local\Programs\Python\Python311\Lib\pathlib.py first seen with mtime 1686097818.0
File C:\Users\admin\Desktop\Bus-Scheduling-And-Routing\venv\Lib\site-packages\sqlparse\filters\__init__.py first seen with mtime 1725183098.2943923
File C:\Users\admin\Desktop\Bus-Scheduling-And-Routing\venv\Lib\site-packages\yaml\representer.py first seen with mtime 1725183213.9171927
File C:\Users\admin\Desktop\Bus-Scheduling-And-Routing\venv\Lib\site-packages\asgiref\local.py first seen with mtime 1725172964.2240367
File C:\Users\admin\Desktop\Bus-Scheduling-And-Routing\venv\Lib\site-packages\django\contrib\postgres\fields\hstore.py first seen with mtime 1725183118.4772415
File C:\Users\admin\AppData\Local\Programs\Python\Python311\Lib\importlib\metadata\_meta.py first seen with mtime 1686097818.0
File C:\Users\admin\Desktop\Bus-Scheduling-And-Routing\venv\Lib\site-packages\django\db\migrations\__init__.py first seen with mtime 1725183123.559558
File C:\Users\admin\Desktop\Bus-Scheduling-And-Routing\venv\Lib\site-packages\django\contrib\admin\views\main.py first seen with mtime 1725183108.2908337
File C:\Users\admin\Desktop\Bus-Scheduling-And-Routing\bus_scheduler\api\urls.py first seen with mtime 1725174404.6433702
File C:\Users\admin\Desktop\Bus-Scheduling-And-Routing\venv\Lib\site-packages\rest_framework\metadata.py first seen with mtime 1725173020.9248896
File C:\Users\admin\Desktop\Bus-Scheduling-And-Routing\bus_scheduler\api\views.py first seen with mtime 1725174206.9353237
File C:\Users\admin\Desktop\Bus-Scheduling-And-Routing\venv\Lib\site-packages\django\contrib\staticfiles\handlers.py first seen with mtime 1725183122.461582
File C:\Users\admin\Desktop\Bus-Scheduling-And-Routing\venv\Lib\site-packages\drf_yasg\inspectors\field.py first seen with mtime 1725183215.048167
File C:\Users\admin\Desktop\Bus-Scheduling-And-Routing\venv\Lib\site-packages\django\utils\autoreload.py first seen with mtime 1725183124.5772498
File C:\Users\admin\AppData\Local\Programs\Python\Python311\Lib\gzip.py first seen with mtime 1686097818.0
File C:\Users\admin\Desktop\Bus-Scheduling-And-Routing\venv\Lib\site-packages\yaml\events.py first seen with mtime 1725183213.9092147
File C:\Users\admin\Desktop\Bus-Scheduling-And-Routing\venv\Lib\site-packages\django\db\models\functions\math.py first seen with mtime 1725183123.8438857
File C:\Users\admin\Desktop\Bus-Scheduling-And-Routing\venv\Lib\site-packages\django\urls\resolvers.py first seen with mtime 1725183124.560966
File C:\Users\admin\Desktop\Bus-Scheduling-And-Routing\venv\Lib\site-packages\django\utils\formats.py first seen with mtime 1725183124.6158686
File C:\Users\admin\Desktop\Bus-Scheduling-And-Routing\venv\Lib\site-packages\drf_yasg\views.py first seen with mtime 1725183215.0431798
File C:\Users\admin\Desktop\Bus-Scheduling-And-Routing\venv\Lib\site-packages\django\contrib\sessions\middleware.py first seen with mtime 1725183120.4959183
File C:\Users\admin\Desktop\Bus-Scheduling-And-Routing\venv\Lib\site-packages\django\contrib\contenttypes\apps.py first seen with mtime 1725183111.0481155
File C:\Users\admin\AppData\Local\Programs\Python\Python311\Lib\reprlib.py first seen with mtime 1686097818.0
File C:\Users\admin\AppData\Local\Programs\Python\Python311\Lib\platform.py first seen with mtime 1686097818.0
File C:\Users\admin\Desktop\Bus-Scheduling-And-Routing\venv\Lib\site-packages\django\template\defaultfilters.py first seen with mtime 1725183124.453276
File C:\Users\admin\Desktop\Bus-Scheduling-And-Routing\venv\Lib\site-packages\django\contrib\postgres\validators.py first seen with mtime 1725183118.4126313
File C:\Users\admin\AppData\Local\Programs\Python\Python311\Lib\multiprocessing\reduction.py first seen with mtime 1686097818.0
File C:\Users\admin\Desktop\Bus-Scheduling-And-Routing\venv\Lib\site-packages\django\views\generic\detail.py first seen with mtime 1725183124.7412443
File C:\Users\admin\AppData\Local\Programs\Python\Python311\Lib\types.py first seen with mtime 1686097818.0
File C:\Users\admin\Desktop\Bus-Scheduling-And-Routing\venv\Lib\site-packages\uritemplate\template.py first seen with mtime 1725183213.7396677
File C:\Users\admin\AppData\Local\Programs\Python\Python311\DLLs\_bz2.pyd first seen with mtime 1686097896.0
File C:\Users\admin\Desktop\Bus-Scheduling-And-Routing\venv\Lib\site-packages\yaml\_yaml.cp311-win_amd64.pyd first seen with mtime 1725183213.8983767
File C:\Users\admin\Desktop\Bus-Scheduling-And-Routing\venv\Lib\site-packages\django\contrib\auth\models.py first seen with mtime 1725183109.6030753
File C:\Users\admin\Desktop\Bus-Scheduling-And-Routing\venv\Lib\site-packages\django\contrib\staticfiles\views.py first seen with mtime 1725183122.4735506
File C:\Users\admin\AppData\Local\Programs\Python\Python311\Lib\email\encoders.py first seen with mtime 1686097818.0
File C:\Users\admin\AppData\Local\Programs\Python\Python311\Lib\tempfile.py first seen with mtime 1686097818.0
File C:\Users\admin\Desktop\Bus-Scheduling-And-Routing\venv\Lib\site-packages\sqlparse\engine\grouping.py first seen with mtime 1725183098.2873335
File C:\Users\admin\Desktop\Bus-Scheduling-And-Routing\venv\Lib\site-packages\django\conf\locale\__init__.py first seen with mtime 1725183104.6023595
File C:\Users\admin\AppData\Local\Programs\Python\Python311\Lib\linecache.py first seen with mtime 1686097818.0
File C:\Users\admin\AppData\Local\Programs\Python\Python311\Lib\html\entities.py first seen with mtime 1686097818.0
File C:\Users\admin\AppData\Local\Programs\Python\Python311\Lib\email\header.py first seen with mtime 1686097818.0
File C:\Users\admin\AppData\Local\Programs\Python\Python311\Lib\asyncio\events.py first seen with mtime 1686097818.0
File C:\Users\admin\Desktop\Bus-Scheduling-And-Routing\venv\Lib\site-packages\django\contrib\admin\__init__.py first seen with mtime 1725183105.6844664
File C:\Users\admin\AppData\Local\Programs\Python\Python311\Lib\re\__init__.py first seen with mtime 1686097818.0
File C:\Users\admin\Desktop\Bus-Scheduling-And-Routing\venv\Lib\site-packages\django\templatetags\__init__.py first seen with mtime 1725183124.5041182
File C:\Users\admin\Desktop\Bus-Scheduling-And-Routing\venv\Lib\site-packages\django\utils\timezone.py first seen with mtime 1725183124.662693
File C:\Users\admin\Desktop\Bus-Scheduling-And-Routing\venv\Lib\site-packages\django\core\checks\model_checks.py first seen with mtime 1725183122.6291337
File C:\Users\admin\Desktop\Bus-Scheduling-And-Routing\venv\Lib\site-packages\sqlparse\cli.py first seen with mtime 1725183098.2445245
File C:\Users\admin\AppData\Local\Programs\Python\Python311\Lib\asyncio\proactor_events.py first seen with mtime 1686097818.0
File C:\Users\admin\AppData\Local\Programs\Python\Python311\Lib\xml\dom\NodeFilter.py first seen with mtime 1686097818.0
File C:\Users\admin\Desktop\Bus-Scheduling-And-Routing\venv\Lib\site-packages\django\contrib\admin\widgets.py first seen with mtime 1725183105.7233622
File C:\Users\admin\Desktop\Bus-Scheduling-And-Routing\venv\Lib\site-packages\django\views\decorators\csrf.py first seen with mtime 1725183124.7246456
File C:\Users\admin\AppData\Local\Programs\Python\Python311\Lib\argparse.py first seen with mtime 1686097818.0
File C:\Users\admin\Desktop\Bus-Scheduling-And-Routing\venv\Lib\site-packages\django\contrib\auth\apps.py first seen with mtime 1725183109.5800436
File C:\Users\admin\AppData\Local\Programs\Python\Python311\Lib\re\_compiler.py first seen with mtime 1686097818.0
File C:\Users\admin\Desktop\Bus-Scheduling-And-Routing\venv\Lib\site-packages\django\shortcuts.py first seen with mtime 1725183104.577427
File C:\Users\admin\AppData\Local\Programs\Python\Python311\Lib\importlib\metadata\_collections.py first seen with mtime 1686097818.0
File C:\Users\admin\Desktop\Bus-Scheduling-And-Routing\venv\Lib\site-packages\django\template\loaders\app_directories.py first seen with mtime 1725183124.4931483
File C:\Users\admin\AppData\Local\Programs\Python\Python311\Lib\xml\dom\xmlbuilder.py first seen with mtime 1686097818.0
File C:\Users\admin\AppData\Local\Programs\Python\Python311\Lib\pprint.py first seen with mtime 1686097818.0
File C:\Users\admin\Desktop\Bus-Scheduling-And-Routing\venv\Lib\site-packages\rest_framework\relations.py first seen with mtime 1725173020.9438446
File C:\Users\admin\AppData\Local\Programs\Python\Python311\Lib\dis.py first seen with mtime 1686097818.0
File C:\Users\admin\Desktop\Bus-Scheduling-And-Routing\venv\Lib\site-packages\django\utils\hashable.py first seen with mtime 1725183124.619809
File C:\Users\admin\Desktop\Bus-Scheduling-And-Routing\venv\Lib\site-packages\packaging\__init__.py first seen with mtime 1725183214.5933843
File C:\Users\admin\Desktop\Bus-Scheduling-And-Routing\venv\Lib\site-packages\django\contrib\postgres\forms\__init__.py first seen with mtime 1725183118.4951928
File C:\Users\admin\AppData\Local\Programs\Python\Python311\Lib\email\base64mime.py first seen with mtime 1686097818.0
File C:\Users\admin\Desktop\Bus-Scheduling-And-Routing\venv\Lib\site-packages\pkg_resources\_vendor\more_itertools\more.py first seen with mtime 1725172840.713301
File C:\Users\admin\Desktop\Bus-Scheduling-And-Routing\venv\Lib\site-packages\django\urls\converters.py first seen with mtime 1725183124.5579736
File C:\Users\admin\Desktop\Bus-Scheduling-And-Routing\venv\Lib\site-packages\django\contrib\postgres\forms\hstore.py first seen with mtime 1725183118.5071647
File C:\Users\admin\Desktop\Bus-Scheduling-And-Routing\venv\Lib\site-packages\django\core\files\__init__.py first seen with mtime 1725183122.672019
File C:\Users\admin\AppData\Local\Programs\Python\Python311\Lib\operator.py first seen with mtime 1686097818.0
File C:\Users\admin\Desktop\Bus-Scheduling-And-Routing\venv\Lib\site-packages\django\core\checks\security\sessions.py first seen with mtime 1725183122.6661224
File C:\Users\admin\Desktop\Bus-Scheduling-And-Routing\venv\Lib\site-packages\django\db\backends\sqlite3\features.py first seen with mtime 1725183123.4878378
File C:\Users\admin\AppData\Local\Programs\Python\Python311\Lib\email\_header_value_parser.py first seen with mtime 1686097818.0
File C:\Users\admin\Desktop\Bus-Scheduling-And-Routing\venv\Lib\site-packages\rest_framework\templatetags\rest_framework.py first seen with mtime 1725173022.0598538
File C:\Users\admin\Desktop\Bus-Scheduling-And-Routing\venv\Lib\site-packages\django\forms\boundfield.py first seen with mtime 1725183123.9296541
File C:\Users\admin\Desktop\Bus-Scheduling-And-Routing\venv\Lib\site-packages\django\utils\safestring.py first seen with mtime 1725183124.6427472
File C:\Users\admin\Desktop\Bus-Scheduling-And-Routing\venv\Lib\site-packages\yaml\cyaml.py first seen with mtime 1725183213.9022331
File C:\Users\admin\Desktop\Bus-Scheduling-And-Routing\venv\Lib\site-packages\sqlparse\tokens.py first seen with mtime 1725183098.2730718
File C:\Users\admin\AppData\Local\Programs\Python\Python311\Lib\uuid.py first seen with mtime 1686097818.0
File C:\Users\admin\Desktop\Bus-Scheduling-And-Routing\venv\Lib\site-packages\django\test\html.py first seen with mtime 1725183124.5380268
File C:\Users\admin\Desktop\Bus-Scheduling-And-Routing\venv\Lib\site-packages\django\contrib\auth\validators.py first seen with mtime 1725183109.6368966
File C:\Users\admin\Desktop\Bus-Scheduling-And-Routing\venv\Lib\site-packages\sqlparse\engine\statement_splitter.py first seen with mtime 1725183098.2913845
File C:\Users\admin\Desktop\Bus-Scheduling-And-Routing\venv\Lib\site-packages\psycopg2\_ipaddress.py first seen with mtime 1725172963.82909
File C:\Users\admin\AppData\Local\Programs\Python\Python311\Lib\asyncio\transports.py first seen with mtime 1686097818.0
File C:\Users\admin\Desktop\Bus-Scheduling-And-Routing\venv\Lib\site-packages\django\middleware\common.py first seen with mtime 1725183124.4253285
File C:\Users\admin\AppData\Local\Programs\Python\Python311\Lib\threading.py first seen with mtime 1686097818.0
File C:\Users\admin\Desktop\Bus-Scheduling-And-Routing\venv\Lib\site-packages\yaml\tokens.py first seen with mtime 1725183213.9245784
File C:\Users\admin\Desktop\Bus-Scheduling-And-Routing\venv\Lib\site-packages\django\db\backends\base\__init__.py first seen with mtime 1725183123.267042
File C:\Users\admin\Desktop\Bus-Scheduling-And-Routing\venv\Lib\site-packages\django\utils\inspect.py first seen with mtime 1725183124.6249824
File C:\Users\admin\Desktop\Bus-Scheduling-And-Routing\venv\Lib\site-packages\django\contrib\auth\signals.py first seen with mtime 1725183109.605975
File C:\Users\admin\Desktop\Bus-Scheduling-And-Routing\venv\Lib\site-packages\django\contrib\sessions\base_session.py first seen with mtime 1725183120.4908543
File C:\Users\admin\AppData\Local\Programs\Python\Python311\Lib\urllib\request.py first seen with mtime 1686097818.0
File C:\Users\admin\AppData\Local\Programs\Python\Python311\DLLs\_decimal.pyd first seen with mtime 1686097894.0
File C:\Users\admin\Desktop\Bus-Scheduling-And-Routing\venv\Lib\site-packages\django\db\models\fields\generated.py first seen with mtime 1725183123.7531877
File C:\Users\admin\Desktop\Bus-Scheduling-And-Routing\venv\Lib\site-packages\django\middleware\clickjacking.py first seen with mtime 1725183124.4223485
File C:\Users\admin\Desktop\Bus-Scheduling-And-Routing\bus_scheduler\api\admin.py first seen with mtime 1725182789.6765654
File C:\Users\admin\AppData\Local\Programs\Python\Python311\Lib\numbers.py first seen with mtime 1686097818.0
File C:\Users\admin\AppData\Local\Programs\Python\Python311\Lib\unittest\util.py first seen with mtime 1686097818.0
File C:\Users\admin\Desktop\Bus-Scheduling-And-Routing\bus_scheduler\bus_scheduler\urls.py first seen with mtime 1725183389.730944
File C:\Users\admin\Desktop\Bus-Scheduling-And-Routing\venv\Lib\site-packages\django\views\debug.py first seen with mtime 1725183124.6876972
File C:\Users\admin\Desktop\Bus-Scheduling-And-Routing\bus_scheduler\bus_scheduler\settings.py first seen with mtime 1725183279.7004635
File C:\Users\admin\Desktop\Bus-Scheduling-And-Routing\venv\Lib\site-packages\django\db\models\sql\query.py first seen with mtime 1725183123.8867688
File C:\Users\admin\Desktop\Bus-Scheduling-And-Routing\venv\Lib\site-packages\pytz\exceptions.py first seen with mtime 1725183212.4162087
File C:\Users\admin\Desktop\Bus-Scheduling-And-Routing\venv\Lib\site-packages\django\db\models\base.py first seen with mtime 1725183123.6613731
File C:\Users\admin\Desktop\Bus-Scheduling-And-Routing\venv\Lib\site-packages\rest_framework\schemas\__init__.py first seen with mtime 1725173021.5607781
File C:\Users\admin\Desktop\Bus-Scheduling-And-Routing\venv\Lib\site-packages\django\core\paginator.py first seen with mtime 1725183122.549467
File C:\Users\admin\Desktop\Bus-Scheduling-And-Routing\venv\Lib\site-packages\django\forms\formsets.py first seen with mtime 1725183123.9426198
File C:\Users\admin\Desktop\Bus-Scheduling-And-Routing\venv\Lib\site-packages\rest_framework\generics.py first seen with mtime 1725173020.9139204
File C:\Users\admin\Desktop\Bus-Scheduling-And-Routing\venv\Lib\site-packages\rest_framework\fields.py first seen with mtime 1725173020.9099314
File C:\Users\admin\AppData\Local\Programs\Python\Python311\Lib\concurrent\futures\__init__.py first seen with mtime 1686097818.0
File C:\Users\admin\Desktop\Bus-Scheduling-And-Routing\venv\Lib\site-packages\django\core\checks\security\__init__.py first seen with mtime 1725183122.6550658
File C:\Users\admin\Desktop\Bus-Scheduling-And-Routing\venv\Lib\site-packages\django\db\models\functions\comparison.py first seen with mtime 1725183123.8289254
File C:\Users\admin\Desktop\Bus-Scheduling-And-Routing\venv\Lib\site-packages\django\db\models\functions\datetime.py first seen with mtime 1725183123.838899
File C:\Users\admin\AppData\Local\Programs\Python\Python311\Lib\logging\handlers.py first seen with mtime 1686097818.0
File C:\Users\admin\AppData\Local\Programs\Python\Python311\Lib\http\__init__.py first seen with mtime 1686097818.0
File C:\Users\admin\Desktop\Bus-Scheduling-And-Routing\venv\Lib\site-packages\pkg_resources\_vendor\__init__.py first seen with mtime 1725172840.6770828
File C:\Users\admin\AppData\Local\Programs\Python\Python311\Lib\multiprocessing\process.py first seen with mtime 1686097818.0
File C:\Users\admin\Desktop\Bus-Scheduling-And-Routing\venv\Lib\site-packages\django\contrib\postgres\utils.py first seen with mtime 1725183118.4105067
File C:\Users\admin\Desktop\Bus-Scheduling-And-Routing\venv\Lib\site-packages\django\db\backends\base\schema.py first seen with mtime 1725183123.286376
File C:\Users\admin\Desktop\Bus-Scheduling-And-Routing\venv\Lib\site-packages\django\db\models\functions\mixins.py first seen with mtime 1725183123.8509035
File C:\Users\admin\AppData\Local\Programs\Python\Python311\DLLs\_overlapped.pyd first seen with mtime 1686097894.0
File C:\Users\admin\AppData\Local\Programs\Python\Python311\Lib\inspect.py first seen with mtime 1686097818.0
File C:\Users\admin\Desktop\Bus-Scheduling-And-Routing\venv\Lib\site-packages\django\core\management\commands\runserver.py first seen with mtime 1725183123.177667
File C:\Users\admin\Desktop\Bus-Scheduling-And-Routing\venv\Lib\site-packages\django\contrib\auth\backends.py first seen with mtime 1725183109.581041
File C:\Users\admin\Desktop\Bus-Scheduling-And-Routing\venv\Lib\site-packages\psycopg2\_psycopg.cp311-win_amd64.pyd first seen with mtime 1725172963.8669884
File C:\Users\admin\Desktop\Bus-Scheduling-And-Routing\venv\Lib\site-packages\pkg_resources\_vendor\packaging\_manylinux.py first seen with mtime 1725172840.7209651
File C:\Users\admin\Desktop\Bus-Scheduling-And-Routing\venv\Lib\site-packages\rest_framework\mixins.py first seen with mtime 1725173020.9258864
File C:\Users\admin\Desktop\Bus-Scheduling-And-Routing\venv\Lib\site-packages\drf_yasg\app_settings.py first seen with mtime 1725183215.0302165
File C:\Users\admin\Desktop\Bus-Scheduling-And-Routing\venv\Lib\site-packages\django\utils\decorators.py first seen with mtime 1725183124.5958726
File C:\Users\admin\Desktop\Bus-Scheduling-And-Routing\venv\Lib\site-packages\django\template\utils.py first seen with mtime 1725183124.4704473
File C:\Users\admin\Desktop\Bus-Scheduling-And-Routing\venv\Lib\site-packages\django\core\files\images.py first seen with mtime 1725183122.6750114
File C:\Users\admin\Desktop\Bus-Scheduling-And-Routing\venv\Lib\site-packages\django\core\files\base.py first seen with mtime 1725183122.674014
File C:\Users\admin\Desktop\Bus-Scheduling-And-Routing\venv\Lib\site-packages\drf_yasg\inspectors\query.py first seen with mtime 1725183215.0491648
File C:\Users\admin\Desktop\Bus-Scheduling-And-Routing\venv\Lib\site-packages\sqlparse\filters\reindent.py first seen with mtime 1725183098.306503
File C:\Users\admin\AppData\Local\Programs\Python\Python311\Lib\asyncio\protocols.py first seen with mtime 1686097818.0
File C:\Users\admin\Desktop\Bus-Scheduling-And-Routing\venv\Lib\site-packages\django\contrib\staticfiles\apps.py first seen with mtime 1725183122.4565954
File C:\Users\admin\AppData\Local\Programs\Python\Python311\Lib\fnmatch.py first seen with mtime 1686097818.0
File C:\Users\admin\Desktop\Bus-Scheduling-And-Routing\venv\Lib\site-packages\django\contrib\auth\decorators.py first seen with mtime 1725183109.5930085
File C:\Users\admin\AppData\Local\Programs\Python\Python311\Lib\__future__.py first seen with mtime 1686097818.0
File C:\Users\admin\Desktop\Bus-Scheduling-And-Routing\venv\Lib\site-packages\yaml\emitter.py first seen with mtime 1725183213.9064097
File C:\Users\admin\Desktop\Bus-Scheduling-And-Routing\venv\Lib\site-packages\packaging\version.py first seen with mtime 1725183214.618062
File C:\Users\admin\AppData\Local\Programs\Python\Python311\Lib\asyncio\base_futures.py first seen with mtime 1686097818.0
File C:\Users\admin\AppData\Local\Programs\Python\Python311\Lib\json\encoder.py first seen with mtime 1686097818.0
File C:\Users\admin\AppData\Local\Programs\Python\Python311\Lib\functools.py first seen with mtime 1686097818.0
File C:\Users\admin\Desktop\Bus-Scheduling-And-Routing\venv\Lib\site-packages\psycopg2\_range.py first seen with mtime 1725172963.8698707
File C:\Users\admin\Desktop\Bus-Scheduling-And-Routing\venv\Lib\site-packages\yaml\loader.py first seen with mtime 1725183213.9112084
File C:\Users\admin\AppData\Local\Programs\Python\Python311\Lib\xml\dom\__init__.py first seen with mtime 1686097818.0
File C:\Users\admin\Desktop\Bus-Scheduling-And-Routing\venv\Lib\site-packages\django\db\models\constraints.py first seen with mtime 1725183123.676338
File C:\Users\admin\Desktop\Bus-Scheduling-And-Routing\venv\Lib\site-packages\yaml\scanner.py first seen with mtime 1725183213.9211824
File C:\Users\admin\Desktop\Bus-Scheduling-And-Routing\venv\Lib\site-packages\asgiref\sync.py first seen with mtime 1725172964.2304783
File C:\Users\admin\Desktop\Bus-Scheduling-And-Routing\venv\Lib\site-packages\django\db\models\fields\related_descriptors.py first seen with mtime 1725183123.8119693
File C:\Users\admin\Desktop\Bus-Scheduling-And-Routing\venv\Lib\site-packages\rest_framework\schemas\openapi.py first seen with mtime 1725173021.5731542
File C:\Users\admin\Desktop\Bus-Scheduling-And-Routing\venv\Lib\site-packages\django\db\migrations\operations\__init__.py first seen with mtime 1725183123.6344469
File C:\Users\admin\Desktop\Bus-Scheduling-And-Routing\venv\Lib\site-packages\rest_framework\utils\field_mapping.py first seen with mtime 1725173022.076808
File C:\Users\admin\Desktop\Bus-Scheduling-And-Routing\venv\Lib\site-packages\django\contrib\postgres\fields\utils.py first seen with mtime 1725183118.491204
File C:\Users\admin\AppData\Local\Programs\Python\Python311\Lib\asyncio\futures.py first seen with mtime 1686097818.0
File C:\Users\admin\Desktop\Bus-Scheduling-And-Routing\venv\Lib\site-packages\django\core\validators.py first seen with mtime 1725183122.5623133
File C:\Users\admin\AppData\Local\Programs\Python\Python311\Lib\wsgiref\__init__.py first seen with mtime 1686097818.0
File C:\Users\admin\Desktop\Bus-Scheduling-And-Routing\venv\Lib\site-packages\pkg_resources\_vendor\jaraco\context.py first seen with mtime 1725172840.7030296
File C:\Users\admin\Desktop\Bus-Scheduling-And-Routing\venv\Lib\site-packages\django\db\backends\sqlite3\operations.py first seen with mtime 1725183123.4948184
File C:\Users\admin\Desktop\Bus-Scheduling-And-Routing\venv\Lib\site-packages\django\core\files\uploadhandler.py first seen with mtime 1725183122.704932
File C:\Users\admin\Desktop\Bus-Scheduling-And-Routing\venv\Lib\site-packages\rest_framework\request.py first seen with mtime 1725173020.94683
File C:\Users\admin\Desktop\Bus-Scheduling-And-Routing\venv\Lib\site-packages\rest_framework_simplejwt\token_blacklist\models.py first seen with mtime 1725173026.021103
File C:\Users\admin\Desktop\Bus-Scheduling-And-Routing\venv\Lib\site-packages\django\contrib\messages\storage\base.py first seen with mtime 1725183118.317677
File C:\Users\admin\Desktop\Bus-Scheduling-And-Routing\venv\Lib\site-packages\django\utils\deconstruct.py first seen with mtime 1725183124.5938778
File C:\Users\admin\Desktop\Bus-Scheduling-And-Routing\venv\Lib\site-packages\django\conf\global_settings.py first seen with mtime 1725183104.586403
File C:\Users\admin\Desktop\Bus-Scheduling-And-Routing\venv\Lib\site-packages\django\dispatch\dispatcher.py first seen with mtime 1725183123.904722
File C:\Users\admin\Desktop\Bus-Scheduling-And-Routing\venv\Lib\site-packages\django\db\migrations\utils.py first seen with mtime 1725183123.6264665
File C:\Users\admin\Desktop\Bus-Scheduling-And-Routing\venv\Lib\site-packages\django\template\backends\base.py first seen with mtime 1725183124.4841712
File C:\Users\admin\Desktop\Bus-Scheduling-And-Routing\venv\Lib\site-packages\django\views\decorators\common.py first seen with mtime 1725183124.723531
File C:\Users\admin\Desktop\Bus-Scheduling-And-Routing\venv\Lib\site-packages\django\core\serializers\python.py first seen with mtime 1725183123.2245417
File C:\Users\admin\Desktop\Bus-Scheduling-And-Routing\venv\Lib\site-packages\sqlparse\lexer.py first seen with mtime 1725183098.263682
File C:\Users\admin\Desktop\Bus-Scheduling-And-Routing\venv\Lib\site-packages\django\core\checks\async_checks.py first seen with mtime 1725183122.6071925
File C:\Users\admin\Desktop\Bus-Scheduling-And-Routing\venv\Lib\site-packages\django\db\models\sql\__init__.py first seen with mtime 1725183123.8578465
File C:\Users\admin\Desktop\Bus-Scheduling-And-Routing\venv\Lib\site-packages\django\templatetags\static.py first seen with mtime 1725183124.511146
File C:\Users\admin\Desktop\Bus-Scheduling-And-Routing\venv\Lib\site-packages\rest_framework_simplejwt\settings.py first seen with mtime 1725173025.8812034
File C:\Users\admin\Desktop\Bus-Scheduling-And-Routing\venv\Lib\site-packages\rest_framework_simplejwt\views.py first seen with mtime 1725173025.8904524
File C:\Users\admin\Desktop\Bus-Scheduling-And-Routing\venv\Lib\site-packages\django\utils\connection.py first seen with mtime 1725183124.583904
File C:\Users\admin\Desktop\Bus-Scheduling-And-Routing\venv\Lib\site-packages\rest_framework\utils\mediatypes.py first seen with mtime 1725173022.0938475
File C:\Users\admin\Desktop\Bus-Scheduling-And-Routing\venv\Lib\site-packages\django\core\files\move.py first seen with mtime 1725183122.6921823
File C:\Users\admin\AppData\Local\Programs\Python\Python311\Lib\email\quoprimime.py first seen with mtime 1686097818.0
File C:\Users\admin\AppData\Local\Programs\Python\Python311\DLLs\_ssl.pyd first seen with mtime 1686097894.0
File C:\Users\admin\Desktop\Bus-Scheduling-And-Routing\venv\Lib\site-packages\sqlparse\engine\__init__.py first seen with mtime 1725183098.2797234
File C:\Users\admin\Desktop\Bus-Scheduling-And-Routing\venv\Lib\site-packages\django\test\__init__.py first seen with mtime 1725183124.5340374
File C:\Users\admin\AppData\Local\Programs\Python\Python311\Lib\json\__init__.py first seen with mtime 1686097818.0
File C:\Users\admin\Desktop\Bus-Scheduling-And-Routing\venv\Lib\site-packages\pkg_resources\_vendor\jaraco\text\__init__.py first seen with mtime 1725172840.7079995
File C:\Users\admin\Desktop\Bus-Scheduling-And-Routing\venv\Lib\site-packages\pkg_resources\_vendor\packaging\_musllinux.py first seen with mtime 1725172840.7229588
File C:\Users\admin\Desktop\Bus-Scheduling-And-Routing\venv\Lib\site-packages\django\core\checks\__init__.py first seen with mtime 1725183122.606195
File C:\Users\admin\Desktop\Bus-Scheduling-And-Routing\venv\Lib\site-packages\django\contrib\messages\utils.py first seen with mtime 1725183118.307695
File C:\Users\admin\Desktop\Bus-Scheduling-And-Routing\venv\Lib\site-packages\django\dispatch\__init__.py first seen with mtime 1725183123.8989804
File C:\Users\admin\Desktop\Bus-Scheduling-And-Routing\venv\Lib\site-packages\pkg_resources\_vendor\pyparsing\unicode.py first seen with mtime 1725172840.7529092
File C:\Users\admin\Desktop\Bus-Scheduling-And-Routing\venv\Lib\site-packages\rest_framework\utils\humanize_datetime.py first seen with mtime 1725173022.0838232
File C:\Users\admin\Desktop\Bus-Scheduling-And-Routing\venv\Lib\site-packages\django\http\request.py first seen with mtime 1725183124.412394
File C:\Users\admin\Desktop\Bus-Scheduling-And-Routing\venv\Lib\site-packages\rest_framework\schemas\inspectors.py first seen with mtime 1725173021.5703354
File C:\Users\admin\AppData\Local\Programs\Python\Python311\Lib\re\_casefix.py first seen with mtime 1686097818.0
File C:\Users\admin\Desktop\Bus-Scheduling-And-Routing\venv\Lib\site-packages\django\contrib\postgres\fields\jsonb.py first seen with mtime 1725183118.479236
File C:\Users\admin\AppData\Local\Programs\Python\Python311\Lib\hashlib.py first seen with mtime 1686097818.0
File C:\Users\admin\Desktop\Bus-Scheduling-And-Routing\venv\Lib\site-packages\django\views\decorators\cache.py first seen with mtime 1725183124.7026546
File C:\Users\admin\AppData\Local\Programs\Python\Python311\Lib\asyncio\format_helpers.py first seen with mtime 1686097818.0
File C:\Users\admin\Desktop\Bus-Scheduling-And-Routing\venv\Lib\site-packages\rest_framework\settings.py first seen with mtime 1725173020.9704545
File C:\Users\admin\Desktop\Bus-Scheduling-And-Routing\venv\Lib\site-packages\django\forms\forms.py first seen with mtime 1725183123.940626
File C:\Users\admin\Desktop\Bus-Scheduling-And-Routing\venv\Lib\site-packages\rest_framework\views.py first seen with mtime 1725173021.003753
File C:\Users\admin\Desktop\Bus-Scheduling-And-Routing\venv\Lib\site-packages\sqlparse\keywords.py first seen with mtime 1725183098.2604067
File C:\Users\admin\Desktop\Bus-Scheduling-And-Routing\venv\Lib\site-packages\django\contrib\messages\api.py first seen with mtime 1725183118.1860313
File C:\Users\admin\AppData\Local\Programs\Python\Python311\Lib\dataclasses.py first seen with mtime 1686097818.0
File C:\Users\admin\Desktop\Bus-Scheduling-And-Routing\venv\Lib\site-packages\pkg_resources\_vendor\pyparsing\common.py first seen with mtime 1725172840.7419086
File C:\Users\admin\AppData\Local\Programs\Python\Python311\Lib\importlib\resources\abc.py first seen with mtime 1686097818.0
File C:\Users\admin\AppData\Local\Programs\Python\Python311\Lib\importlib\resources\_common.py first seen with mtime 1686097818.0
File C:\Users\admin\Desktop\Bus-Scheduling-And-Routing\venv\Lib\site-packages\django\db\models\query_utils.py first seen with mtime 1725183123.7122374
File C:\Users\admin\Desktop\Bus-Scheduling-And-Routing\venv\Lib\site-packages\django\core\files\temp.py first seen with mtime 1725183122.6939602
File C:\Users\admin\Desktop\Bus-Scheduling-And-Routing\venv\Lib\site-packages\pkg_resources\_vendor\packaging\__about__.py first seen with mtime 1725172840.7169757
File C:\Users\admin\AppData\Local\Programs\Python\Python311\Lib\email\contentmanager.py first seen with mtime 1686097818.0
File C:\Users\admin\AppData\Local\Programs\Python\Python311\Lib\asyncio\trsock.py first seen with mtime 1686097818.0
File C:\Users\admin\Desktop\Bus-Scheduling-And-Routing\venv\Lib\site-packages\django\template\loaders\base.py first seen with mtime 1725183124.4951415
File C:\Users\admin\AppData\Local\Programs\Python\Python311\Lib\traceback.py first seen with mtime 1686097818.0
File C:\Users\admin\AppData\Local\Programs\Python\Python311\Lib\ipaddress.py first seen with mtime 1686097818.0
File C:\Users\admin\Desktop\Bus-Scheduling-And-Routing\venv\Lib\site-packages\django\db\models\sql\where.py first seen with mtime 1725183123.8938284
File C:\Users\admin\Desktop\Bus-Scheduling-And-Routing\venv\Lib\site-packages\django\contrib\admin\templatetags\admin_list.py first seen with mtime 1725183108.2736123
File C:\Users\admin\AppData\Local\Programs\Python\Python311\Lib\lzma.py first seen with mtime 1686097818.0
File C:\Users\admin\Desktop\Bus-Scheduling-And-Routing\venv\Lib\site-packages\django\apps\__init__.py first seen with mtime 1725183104.5794208
File C:\Users\admin\Desktop\Bus-Scheduling-And-Routing\venv\Lib\site-packages\django\contrib\postgres\__init__.py first seen with mtime 1725183118.3286388
File C:\Users\admin\Desktop\Bus-Scheduling-And-Routing\venv\Lib\site-packages\django\core\checks\database.py first seen with mtime 1725183122.611182
File C:\Users\admin\AppData\Local\Programs\Python\Python311\Lib\contextvars.py first seen with mtime 1686097818.0
File C:\Users\admin\Desktop\Bus-Scheduling-And-Routing\venv\Lib\site-packages\django\middleware\__init__.py first seen with mtime 1725183124.4183965
File C:\Users\admin\Desktop\Bus-Scheduling-And-Routing\venv\Lib\site-packages\pytz\lazy.py first seen with mtime 1725183212.4182034
File C:\Users\admin\AppData\Local\Programs\Python\Python311\DLLs\_asyncio.pyd first seen with mtime 1686097918.0
File C:\Users\admin\AppData\Local\Programs\Python\Python311\Lib\collections\abc.py first seen with mtime 1686097818.0
File C:\Users\admin\Desktop\Bus-Scheduling-And-Routing\venv\Lib\site-packages\rest_framework\versioning.py first seen with mtime 1725173021.001776
File C:\Users\admin\AppData\Local\Programs\Python\Python311\Lib\importlib\resources\__init__.py first seen with mtime 1686097818.0
File C:\Users\admin\AppData\Local\Programs\Python\Python311\Lib\email\generator.py first seen with mtime 1686097818.0
File C:\Users\admin\AppData\Local\Programs\Python\Python311\Lib\ctypes\__init__.py first seen with mtime 1686097818.0
File C:\Users\admin\Desktop\Bus-Scheduling-And-Routing\venv\Lib\site-packages\django\contrib\staticfiles\management\commands\runserver.py first seen with mtime 1725183122.5277126
File C:\Users\admin\Desktop\Bus-Scheduling-And-Routing\venv\Lib\site-packages\django\db\backends\base\validation.py first seen with mtime 1725183123.2883832
File C:\Users\admin\Desktop\Bus-Scheduling-And-Routing\venv\Lib\site-packages\django\db\backends\base\creation.py first seen with mtime 1725183123.2734108
File C:\Users\admin\Desktop\Bus-Scheduling-And-Routing\venv\Lib\site-packages\django\urls\utils.py first seen with mtime 1725183124.5639584
File C:\Users\admin\Desktop\Bus-Scheduling-And-Routing\venv\Lib\site-packages\django\utils\ipv6.py first seen with mtime 1725183124.6268072
File C:\Users\admin\AppData\Local\Programs\Python\Python311\Lib\quopri.py first seen with mtime 1686097818.0
File C:\Users\admin\Desktop\Bus-Scheduling-And-Routing\venv\Lib\site-packages\sqlparse\filters\others.py first seen with mtime 1725183098.3002987
File C:\Users\admin\AppData\Local\Programs\Python\Python311\Lib\urllib\error.py first seen with mtime 1686097818.0
File C:\Users\admin\Desktop\Bus-Scheduling-And-Routing\venv\Lib\site-packages\django\contrib\admindocs\__init__.py first seen with mtime 1725183108.2924879
File C:\Users\admin\Desktop\Bus-Scheduling-And-Routing\venv\Lib\site-packages\django\core\cache\backends\locmem.py first seen with mtime 1725183122.5942264
File C:\Users\admin\Desktop\Bus-Scheduling-And-Routing\venv\Lib\site-packages\django\test\signals.py first seen with mtime 1725183124.5441556
File C:\Users\admin\Desktop\Bus-Scheduling-And-Routing\venv\Lib\site-packages\rest_framework\serializers.py first seen with mtime 1725173020.963786
File C:\Users\admin\Desktop\Bus-Scheduling-And-Routing\venv\Lib\site-packages\django\core\exceptions.py first seen with mtime 1725183122.5453587
File C:\Users\admin\AppData\Local\Programs\Python\Python311\DLLs\_sqlite3.pyd first seen with mtime 1686097894.0
File C:\Users\admin\Desktop\Bus-Scheduling-And-Routing\venv\Lib\site-packages\django\contrib\admin\sites.py first seen with mtime 1725183105.7163808
File C:\Users\admin\Desktop\Bus-Scheduling-And-Routing\venv\Lib\site-packages\django\contrib\sessions\apps.py first seen with mtime 1725183120.4898572
File C:\Users\admin\Desktop\Bus-Scheduling-And-Routing\venv\Lib\site-packages\pkg_resources\extern\__init__.py first seen with mtime 1725172840.7598596
File C:\Users\admin\Desktop\Bus-Scheduling-And-Routing\venv\Lib\site-packages\rest_framework\utils\serializer_helpers.py first seen with mtime 1725173022.101328
File C:\Users\admin\AppData\Local\Programs\Python\Python311\Lib\unittest\mock.py first seen with mtime 1686097818.0
File C:\Users\admin\Desktop\Bus-Scheduling-And-Routing\venv\Lib\site-packages\django\db\migrations\migration.py first seen with mtime 1725183123.5775962
File C:\Users\admin\Desktop\Bus-Scheduling-And-Routing\venv\Lib\site-packages\rest_framework\checks.py first seen with mtime 1725173020.8470993
File C:\Users\admin\Desktop\Bus-Scheduling-And-Routing\venv\Lib\site-packages\pkg_resources\_vendor\packaging\markers.py first seen with mtime 1725172840.7269485
File C:\Users\admin\Desktop\Bus-Scheduling-And-Routing\venv\Lib\site-packages\rest_framework\negotiation.py first seen with mtime 1725173020.92788
File C:\Users\admin\Desktop\Bus-Scheduling-And-Routing\venv\Lib\site-packages\rest_framework\pagination.py first seen with mtime 1725173020.9298754
File C:\Users\admin\Desktop\Bus-Scheduling-And-Routing\venv\Lib\site-packages\django\contrib\admin\options.py first seen with mtime 1725183105.7143846
File C:\Users\admin\Desktop\Bus-Scheduling-And-Routing\venv\Lib\site-packages\django\contrib\contenttypes\__init__.py first seen with mtime 1725183111.044127
File C:\Users\admin\Desktop\Bus-Scheduling-And-Routing\venv\Lib\site-packages\pkg_resources\_vendor\packaging\utils.py first seen with mtime 1725172840.734116
File C:\Users\admin\AppData\Local\Programs\Python\Python311\Lib\xml\parsers\expat.py first seen with mtime 1686097818.0
File C:\Users\admin\AppData\Local\Programs\Python\Python311\Lib\collections\__init__.py first seen with mtime 1686097818.0
File C:\Users\admin\AppData\Local\Programs\Python\Python311\Lib\email\mime\base.py first seen with mtime 1686097818.0
File C:\Users\admin\AppData\Local\Programs\Python\Python311\Lib\email\parser.py first seen with mtime 1686097818.0
File C:\Users\admin\Desktop\Bus-Scheduling-And-Routing\venv\Lib\site-packages\pytz\tzinfo.py first seen with mtime 1725183212.425185
File C:\Users\admin\AppData\Local\Programs\Python\Python311\Lib\asyncio\tasks.py first seen with mtime 1686097818.0
File C:\Users\admin\Desktop\Bus-Scheduling-And-Routing\venv\Lib\site-packages\django\contrib\contenttypes\models.py first seen with mtime 1725183111.057092
File C:\Users\admin\Desktop\Bus-Scheduling-And-Routing\venv\Lib\site-packages\django\contrib\staticfiles\management\commands\__init__.py first seen with mtime 1725183122.5155294
File C:\Users\admin\Desktop\Bus-Scheduling-And-Routing\venv\Lib\site-packages\pkg_resources\_vendor\pyparsing\results.py first seen with mtime 1725172840.7506545
File C:\Users\admin\Desktop\Bus-Scheduling-And-Routing\venv\Lib\site-packages\inflection\__init__.py first seen with mtime 1725183214.9328675
File C:\Users\admin\AppData\Local\Programs\Python\Python311\Lib\asyncio\__init__.py first seen with mtime 1686097818.0
File C:\Users\admin\AppData\Local\Programs\Python\Python311\Lib\_compat_pickle.py first seen with mtime 1686097818.0
File C:\Users\admin\AppData\Local\Programs\Python\Python311\Lib\asyncio\base_subprocess.py first seen with mtime 1686097818.0
File C:\Users\admin\AppData\Local\Programs\Python\Python311\Lib\html\parser.py first seen with mtime 1686097818.0
File C:\Users\admin\Desktop\Bus-Scheduling-And-Routing\venv\Lib\site-packages\sqlparse\engine\filter_stack.py first seen with mtime 1725183098.2823472
File C:\Users\admin\AppData\Local\Programs\Python\Python311\Lib\ssl.py first seen with mtime 1686097818.0
File C:\Users\admin\AppData\Local\Programs\Python\Python311\Lib\fractions.py first seen with mtime 1686097818.0
File C:\Users\admin\Desktop\Bus-Scheduling-And-Routing\venv\Lib\site-packages\django\contrib\admin\templatetags\admin_urls.py first seen with mtime 1725183108.2765307
File C:\Users\admin\Desktop\Bus-Scheduling-And-Routing\venv\Lib\site-packages\django\core\files\uploadedfile.py first seen with mtime 1725183122.6989472
File C:\Users\admin\Desktop\Bus-Scheduling-And-Routing\venv\Lib\site-packages\django\utils\__init__.py first seen with mtime 1725183124.5662756
File C:\Users\admin\Desktop\Bus-Scheduling-And-Routing\venv\Lib\site-packages\pkg_resources\_vendor\more_itertools\recipes.py first seen with mtime 1725172840.7149801
File C:\Users\admin\Desktop\Bus-Scheduling-And-Routing\venv\Lib\site-packages\django\core\files\storage\base.py first seen with mtime 1725183122.718894
File C:\Users\admin\Desktop\Bus-Scheduling-And-Routing\venv\Lib\site-packages\django\utils\functional.py first seen with mtime 1725183124.6179073
File C:\Users\admin\Desktop\Bus-Scheduling-And-Routing\venv\Lib\site-packages\drf_yasg\generators.py first seen with mtime 1725183215.035202
File C:\Users\admin\AppData\Local\Programs\Python\Python311\Lib\asyncio\sslproto.py first seen with mtime 1686097818.0
File C:\Users\admin\Desktop\Bus-Scheduling-And-Routing\venv\Lib\site-packages\django\db\migrations\operations\fields.py first seen with mtime 1725183123.642633
File C:\Users\admin\AppData\Local\Programs\Python\Python311\Lib\http\client.py first seen with mtime 1686097818.0
File C:\Users\admin\Desktop\Bus-Scheduling-And-Routing\venv\Lib\site-packages\pkg_resources\_vendor\pyparsing\actions.py first seen with mtime 1725172840.7399142
File C:\Users\admin\AppData\Local\Programs\Python\Python311\Lib\plistlib.py first seen with mtime 1686097818.0
File C:\Users\admin\Desktop\Bus-Scheduling-And-Routing\venv\Lib\site-packages\django\contrib\auth\__init__.py first seen with mtime 1725183109.5750563
File C:\Users\admin\Desktop\Bus-Scheduling-And-Routing\venv\Lib\site-packages\django\contrib\auth\management\__init__.py first seen with mtime 1725183110.9643407
File C:\Users\admin\Desktop\Bus-Scheduling-And-Routing\venv\Lib\site-packages\django\core\handlers\__init__.py first seen with mtime 1725183122.757272
File C:\Users\admin\AppData\Local\Programs\Python\Python311\Lib\mimetypes.py first seen with mtime 1686097818.0
File C:\Users\admin\Desktop\Bus-Scheduling-And-Routing\venv\Lib\site-packages\django\contrib\messages\__init__.py first seen with mtime 1725183118.1780427
File C:\Users\admin\Desktop\Bus-Scheduling-And-Routing\venv\Lib\site-packages\django\views\generic\base.py first seen with mtime 1725183124.7374947
File C:\Users\admin\AppData\Local\Programs\Python\Python311\Lib\multiprocessing\__init__.py first seen with mtime 1686097818.0
File C:\Users\admin\Desktop\Bus-Scheduling-And-Routing\venv\Lib\site-packages\django\db\backends\sqlite3\client.py first seen with mtime 1725183123.4788604
File C:\Users\admin\Desktop\Bus-Scheduling-And-Routing\venv\Lib\site-packages\django\db\backends\signals.py first seen with mtime 1725183123.2604458
File C:\Users\admin\AppData\Local\Programs\Python\Python311\DLLs\select.pyd first seen with mtime 1686097894.0
File C:\Users\admin\Desktop\Bus-Scheduling-And-Routing\venv\Lib\site-packages\django\template\base.py first seen with mtime 1725183124.4447813
File C:\Users\admin\Desktop\Bus-Scheduling-And-Routing\venv\Lib\site-packages\pkg_resources\_vendor\packaging\requirements.py first seen with mtime 1725172840.7279477
File C:\Users\admin\Desktop\Bus-Scheduling-And-Routing\venv\Lib\site-packages\django\utils\text.py first seen with mtime 1725183124.6477342
File C:\Users\admin\Desktop\Bus-Scheduling-And-Routing\venv\Lib\site-packages\django\utils\termcolors.py first seen with mtime 1725183124.6448622
File C:\Users\admin\Desktop\Bus-Scheduling-And-Routing\venv\Lib\site-packages\rest_framework\apps.py first seen with mtime 1725173020.8261526
File C:\Users\admin\Desktop\Bus-Scheduling-And-Routing\venv\Lib\site-packages\django\db\models\fields\mixins.py first seen with mtime 1725183123.7611086
File C:\Users\admin\Desktop\Bus-Scheduling-And-Routing\venv\Lib\site-packages\pytz\tzfile.py first seen with mtime 1725183212.4231918
File C:\Users\admin\Desktop\Bus-Scheduling-And-Routing\venv\Lib\site-packages\django\contrib\postgres\fields\array.py first seen with mtime 1725183118.4742498
File C:\Users\admin\Desktop\Bus-Scheduling-And-Routing\venv\Lib\site-packages\django\core\cache\backends\base.py first seen with mtime 1725183122.5872464
File C:\Users\admin\Desktop\Bus-Scheduling-And-Routing\venv\Lib\site-packages\django\db\migrations\graph.py first seen with mtime 1725183123.57261
File C:\Users\admin\Desktop\Bus-Scheduling-And-Routing\venv\Lib\site-packages\django\views\decorators\__init__.py first seen with mtime 1725183124.695605
File C:\Users\admin\Desktop\Bus-Scheduling-And-Routing\venv\Lib\site-packages\django\template\library.py first seen with mtime 1725183124.4604151
File C:\Users\admin\AppData\Local\Programs\Python\Python311\Lib\textwrap.py first seen with mtime 1686097818.0
File C:\Users\admin\Desktop\Bus-Scheduling-And-Routing\venv\Lib\site-packages\django\core\files\locks.py first seen with mtime 1725183122.6842005
File C:\Users\admin\Desktop\Bus-Scheduling-And-Routing\venv\Lib\site-packages\yaml\composer.py first seen with mtime 1725183213.899241
File C:\Users\admin\Desktop\Bus-Scheduling-And-Routing\venv\Lib\site-packages\yaml\reader.py first seen with mtime 1725183213.9156241
File C:\Users\admin\AppData\Local\Programs\Python\Python311\Lib\email\iterators.py first seen with mtime 1686097818.0
File C:\Users\admin\Desktop\Bus-Scheduling-And-Routing\venv\Lib\site-packages\rest_framework_simplejwt\tokens.py first seen with mtime 1725173025.8854654
File C:\Users\admin\Desktop\Bus-Scheduling-And-Routing\venv\Lib\site-packages\django\urls\conf.py first seen with mtime 1725183124.5562212
File C:\Users\admin\Desktop\Bus-Scheduling-And-Routing\bus_scheduler\api\serializers.py first seen with mtime 1725173315.7653205
File C:\Users\admin\AppData\Local\Programs\Python\Python311\Lib\bisect.py first seen with mtime 1686097818.0
File C:\Users\admin\Desktop\Bus-Scheduling-And-Routing\venv\Lib\site-packages\django\core\cache\utils.py first seen with mtime 1725183122.57827
File C:\Users\admin\AppData\Local\Programs\Python\Python311\Lib\email\_encoded_words.py first seen with mtime 1686097818.0
File C:\Users\admin\AppData\Local\Programs\Python\Python311\Lib\secrets.py first seen with mtime 1686097818.0
File C:\Users\admin\AppData\Local\Programs\Python\Python311\DLLs\pyexpat.pyd first seen with mtime 1686097896.0
File C:\Users\admin\Desktop\Bus-Scheduling-And-Routing\venv\Lib\site-packages\sqlparse\filters\right_margin.py first seen with mtime 1725183098.3102722
File C:\Users\admin\Desktop\Bus-Scheduling-And-Routing\venv\Lib\site-packages\django\db\models\fields\related.py first seen with mtime 1725183123.7780612
File C:\Users\admin\AppData\Local\Programs\Python\Python311\Lib\urllib\response.py first seen with mtime 1686097818.0
File C:\Users\admin\Desktop\Bus-Scheduling-And-Routing\venv\Lib\site-packages\django\db\models\fields\files.py first seen with mtime 1725183123.7451513
File C:\Users\admin\AppData\Local\Programs\Python\Python311\Lib\_weakrefset.py first seen with mtime 1686097818.0
File C:\Users\admin\Desktop\Bus-Scheduling-And-Routing\venv\Lib\site-packages\django\contrib\postgres\lookups.py first seen with mtime 1725183118.3964684
File C:\Users\admin\Desktop\Bus-Scheduling-And-Routing\venv\Lib\site-packages\django\test\utils.py first seen with mtime 1725183124.5510554
File C:\Users\admin\Desktop\Bus-Scheduling-And-Routing\venv\Lib\site-packages\django\contrib\postgres\fields\citext.py first seen with mtime 1725183118.476244
File C:\Users\admin\Desktop\Bus-Scheduling-And-Routing\venv\Lib\site-packages\django\contrib\auth\base_user.py first seen with mtime 1725183109.5850322
File C:\Users\admin\Desktop\Bus-Scheduling-And-Routing\venv\Lib\site-packages\django\http\cookie.py first seen with mtime 1725183124.4083753
File C:\Users\admin\Desktop\Bus-Scheduling-And-Routing\venv\Lib\site-packages\django\core\files\storage\handler.py first seen with mtime 1725183122.7379003
File C:\Users\admin\AppData\Local\Programs\Python\Python311\Lib\json\decoder.py first seen with mtime 1686097818.0
File C:\Users\admin\Desktop\Bus-Scheduling-And-Routing\venv\Lib\site-packages\django\urls\__init__.py first seen with mtime 1725183124.553304
File C:\Users\admin\Desktop\Bus-Scheduling-And-Routing\venv\Lib\site-packages\django\conf\__init__.py first seen with mtime 1725183104.5854056
File C:\Users\admin\Desktop\Bus-Scheduling-And-Routing\venv\Lib\site-packages\django\contrib\staticfiles\checks.py first seen with mtime 1725183122.4585907
File C:\Users\admin\Desktop\Bus-Scheduling-And-Routing\venv\Lib\site-packages\django\test\client.py first seen with mtime 1725183124.5370297
File C:\Users\admin\AppData\Local\Programs\Python\Python311\Lib\unittest\suite.py first seen with mtime 1686097818.0
File C:\Users\admin\Desktop\Bus-Scheduling-And-Routing\venv\Lib\site-packages\django\contrib\admin\helpers.py first seen with mtime 1725183105.701422
File C:\Users\admin\Desktop\Bus-Scheduling-And-Routing\venv\Lib\site-packages\django\forms\fields.py first seen with mtime 1725183123.938712
File C:\Users\admin\AppData\Local\Programs\Python\Python311\Lib\importlib\_abc.py first seen with mtime 1686097818.0
File C:\Users\admin\AppData\Local\Programs\Python\Python311\Lib\string.py first seen with mtime 1686097818.0
File C:\Users\admin\Desktop\Bus-Scheduling-And-Routing\venv\Lib\site-packages\django\contrib\postgres\fields\ranges.py first seen with mtime 1725183118.4883296
File C:\Users\admin\Desktop\Bus-Scheduling-And-Routing\venv\Lib\site-packages\django\utils\version.py first seen with mtime 1725183124.6687777
File C:\Users\admin\Desktop\Bus-Scheduling-And-Routing\venv\Lib\site-packages\django\utils\module_loading.py first seen with mtime 1725183124.6377606
File C:\Users\admin\AppData\Local\Programs\Python\Python311\Lib\wsgiref\handlers.py first seen with mtime 1686097818.0
File C:\Users\admin\AppData\Local\Programs\Python\Python311\Lib\copyreg.py first seen with mtime 1686097818.0
File C:\Users\admin\Desktop\Bus-Scheduling-And-Routing\venv\Lib\site-packages\django\conf\urls\__init__.py first seen with mtime 1725183105.6746075
File C:\Users\admin\Desktop\Bus-Scheduling-And-Routing\venv\Lib\site-packages\asgiref\current_thread_executor.py first seen with mtime 1725172964.2220385
File C:\Users\admin\Desktop\Bus-Scheduling-And-Routing\venv\Lib\site-packages\django\contrib\postgres\forms\array.py first seen with mtime 1725183118.5011966
File C:\Users\admin\Desktop\Bus-Scheduling-And-Routing\venv\Lib\site-packages\django\core\serializers\json.py first seen with mtime 1725183123.2215493
File C:\Users\admin\AppData\Local\Programs\Python\Python311\Lib\unittest\signals.py first seen with mtime 1686097818.0
File C:\Users\admin\Desktop\Bus-Scheduling-And-Routing\venv\Lib\site-packages\django\core\files\storage\mixins.py first seen with mtime 1725183122.751954
File C:\Users\admin\Desktop\Bus-Scheduling-And-Routing\venv\Lib\site-packages\django\templatetags\i18n.py first seen with mtime 1725183124.5071108
File C:\Users\admin\Desktop\Bus-Scheduling-And-Routing\venv\Lib\site-packages\django\contrib\admin\apps.py first seen with mtime 1725183105.6906462
File C:\Users\admin\Desktop\Bus-Scheduling-And-Routing\venv\Lib\site-packages\django\contrib\sessions\exceptions.py first seen with mtime 1725183120.4938467
File C:\Users\admin\Desktop\Bus-Scheduling-And-Routing\venv\Lib\site-packages\django\views\static.py first seen with mtime 1725183124.693612
File C:\Users\admin\AppData\Local\Programs\Python\Python311\Lib\importlib\resources\_legacy.py first seen with mtime 1686097818.0
File C:\Users\admin\Desktop\Bus-Scheduling-And-Routing\venv\Lib\site-packages\django\core\checks\translation.py first seen with mtime 1725183122.6422024
File C:\Users\admin\Desktop\Bus-Scheduling-And-Routing\venv\Lib\site-packages\sqlparse\filters\tokens.py first seen with mtime 1725183098.312266
File C:\Users\admin\AppData\Local\Programs\Python\Python311\Lib\email\headerregistry.py first seen with mtime 1686097818.0
File C:\Users\admin\Desktop\Bus-Scheduling-And-Routing\venv\Lib\site-packages\django\db\models\fields\reverse_related.py first seen with mtime 1725183123.825936
File C:\Users\admin\Desktop\Bus-Scheduling-And-Routing\venv\Lib\site-packages\yaml\nodes.py first seen with mtime 1725183213.9122756
File C:\Users\admin\Desktop\Bus-Scheduling-And-Routing\venv\Lib\site-packages\rest_framework\utils\encoders.py first seen with mtime 1725173022.0758102
File C:\Users\admin\AppData\Local\Programs\Python\Python311\Lib\selectors.py first seen with mtime 1686097818.0
File C:\Users\admin\Desktop\Bus-Scheduling-And-Routing\bus_scheduler\api\apps.py first seen with mtime 1725173093.5680137
File C:\Users\admin\Desktop\Bus-Scheduling-And-Routing\venv\Lib\site-packages\django\template\loaders\filesystem.py first seen with mtime 1725183124.500214
File C:\Users\admin\Desktop\Bus-Scheduling-And-Routing\venv\Lib\site-packages\drf_yasg\codecs.py first seen with mtime 1725183215.0312119
File C:\Users\admin\AppData\Local\Programs\Python\Python311\Lib\importlib\metadata\_text.py first seen with mtime 1686097818.0
File C:\Users\admin\AppData\Local\Programs\Python\Python311\DLLs\_ctypes.pyd first seen with mtime 1686097896.0
File C:\Users\admin\Desktop\Bus-Scheduling-And-Routing\venv\Lib\site-packages\django\db\backends\utils.py first seen with mtime 1725183123.261506
File C:\Users\admin\AppData\Local\Programs\Python\Python311\Lib\http\cookies.py first seen with mtime 1686097818.0
File C:\Users\admin\Desktop\Bus-Scheduling-And-Routing\venv\Lib\site-packages\django\db\backends\sqlite3\__init__.py first seen with mtime 1725183123.4629035
File C:\Users\admin\Desktop\Bus-Scheduling-And-Routing\venv\Lib\site-packages\pkg_resources\_vendor\pyparsing\core.py first seen with mtime 1725172840.7452397
File C:\Users\admin\Desktop\Bus-Scheduling-And-Routing\venv\Lib\site-packages\rest_framework\response.py first seen with mtime 1725173020.9569657
File C:\Users\admin\Desktop\Bus-Scheduling-And-Routing\venv\Lib\site-packages\django\contrib\auth\middleware.py first seen with mtime 1725183109.5979953
File C:\Users\admin\Desktop\Bus-Scheduling-And-Routing\venv\Lib\site-packages\rest_framework\permissions.py first seen with mtime 1725173020.9388518
File C:\Users\admin\AppData\Local\Programs\Python\Python311\Lib\asyncio\runners.py first seen with mtime 1686097818.0
File C:\Users\admin\AppData\Local\Programs\Python\Python311\Lib\nturl2path.py first seen with mtime 1686097818.0
File C:\Users\admin\Desktop\Bus-Scheduling-And-Routing\venv\Lib\site-packages\django\contrib\messages\middleware.py first seen with mtime 1725183118.3037138
File C:\Users\admin\Desktop\Bus-Scheduling-And-Routing\venv\Lib\site-packages\yaml\parser.py first seen with mtime 1725183213.9142015
File C:\Users\admin\Desktop\Bus-Scheduling-And-Routing\venv\Lib\site-packages\django\contrib\sites\shortcuts.py first seen with mtime 1725183121.3685796
File C:\Users\admin\Desktop\Bus-Scheduling-And-Routing\venv\Lib\site-packages\django\contrib\admindocs\utils.py first seen with mtime 1725183108.3144996
File C:\Users\admin\Desktop\Bus-Scheduling-And-Routing\venv\Lib\site-packages\django\db\migrations\operations\special.py first seen with mtime 1725183123.6454158
File C:\Users\admin\Desktop\Bus-Scheduling-And-Routing\venv\Lib\site-packages\pkg_resources\__init__.py first seen with mtime 1725172840.6750867
File C:\Users\admin\Desktop\Bus-Scheduling-And-Routing\venv\Lib\site-packages\rest_framework_simplejwt\exceptions.py first seen with mtime 1725173025.8724997
File C:\Users\admin\Desktop\Bus-Scheduling-And-Routing\venv\Lib\site-packages\django\utils\translation\reloader.py first seen with mtime 1725183124.674767
File C:\Users\admin\Desktop\Bus-Scheduling-And-Routing\venv\Lib\site-packages\sqlparse\sql.py first seen with mtime 1725183098.2693818
File C:\Users\admin\Desktop\Bus-Scheduling-And-Routing\venv\Lib\site-packages\psycopg2\sql.py first seen with mtime 1725172963.8859382
File C:\Users\admin\Desktop\Bus-Scheduling-And-Routing\venv\Lib\site-packages\django\core\checks\urls.py first seen with mtime 1725183122.6440983
File C:\Users\admin\Desktop\Bus-Scheduling-And-Routing\venv\Lib\site-packages\rest_framework\utils\urls.py first seen with mtime 1725173022.1077256
File C:\Users\admin\Desktop\Bus-Scheduling-And-Routing\venv\Lib\site-packages\yaml\serializer.py first seen with mtime 1725183213.9224606
File C:\Users\admin\Desktop\Bus-Scheduling-And-Routing\venv\Lib\site-packages\django\template\loader.py first seen with mtime 1725183124.4612327
File C:\Users\admin\AppData\Local\Programs\Python\Python311\Lib\wsgiref\headers.py first seen with mtime 1686097818.0
File C:\Users\admin\AppData\Local\Programs\Python\Python311\Lib\importlib\abc.py first seen with mtime 1686097818.0
File C:\Users\admin\Desktop\Bus-Scheduling-And-Routing\venv\Lib\site-packages\django\core\management\commands\__init__.py first seen with mtime 1725183123.0549955
File C:\Users\admin\AppData\Local\Programs\Python\Python311\Lib\email\__init__.py first seen with mtime 1686097818.0
File C:\Users\admin\Desktop\Bus-Scheduling-And-Routing\venv\Lib\site-packages\django\contrib\admin\views\autocomplete.py first seen with mtime 1725183108.2866726
File C:\Users\admin\Desktop\Bus-Scheduling-And-Routing\venv\Lib\site-packages\django\db\backends\base\base.py first seen with mtime 1725183123.2704175
File C:\Users\admin\Desktop\Bus-Scheduling-And-Routing\venv\Lib\site-packages\django\db\models\signals.py first seen with mtime 1725183123.7271965
File C:\Users\admin\Desktop\Bus-Scheduling-And-Routing\venv\Lib\site-packages\django\http\response.py first seen with mtime 1725183124.4173493
File C:\Users\admin\Desktop\Bus-Scheduling-And-Routing\venv\Lib\site-packages\rest_framework_simplejwt\token_blacklist\__init__.py first seen with mtime 1725173026.0161157
File C:\Users\admin\AppData\Local\Programs\Python\Python311\Lib\weakref.py first seen with mtime 1686097818.0
File C:\Users\admin\Desktop\Bus-Scheduling-And-Routing\venv\Lib\site-packages\pkg_resources\_vendor\jaraco\functools.py first seen with mtime 1725172840.7040093
File C:\Users\admin\Desktop\Bus-Scheduling-And-Routing\venv\Lib\site-packages\django\db\backends\sqlite3\schema.py first seen with mtime 1725183123.498909
File C:\Users\admin\AppData\Local\Programs\Python\Python311\Lib\importlib\metadata\_functools.py first seen with mtime 1686097818.0
File C:\Users\admin\Desktop\Bus-Scheduling-And-Routing\venv\Lib\site-packages\uritemplate\api.py first seen with mtime 1725183213.735401
File C:\Users\admin\AppData\Local\Programs\Python\Python311\Lib\asyncio\mixins.py first seen with mtime 1686097818.0
File C:\Users\admin\AppData\Local\Programs\Python\Python311\Lib\email\charset.py first seen with mtime 1686097818.0
File C:\Users\admin\Desktop\Bus-Scheduling-And-Routing\venv\Lib\site-packages\django\core\serializers\__init__.py first seen with mtime 1725183123.2165735
File C:\Users\admin\Desktop\Bus-Scheduling-And-Routing\venv\Lib\site-packages\django\views\decorators\debug.py first seen with mtime 1725183124.7265224
File C:\Users\admin\AppData\Local\Programs\Python\Python311\Lib\email\_policybase.py first seen with mtime 1686097818.0
File C:\Users\admin\Desktop\Bus-Scheduling-And-Routing\venv\Lib\site-packages\rest_framework_simplejwt\authentication.py first seen with mtime 1725173025.86757
File C:\Users\admin\Desktop\Bus-Scheduling-And-Routing\venv\Lib\site-packages\sqlparse\exceptions.py first seen with mtime 1725183098.2484374
File C:\Users\admin\Desktop\Bus-Scheduling-And-Routing\venv\Lib\site-packages\django\core\signals.py first seen with mtime 1725183122.5558152
File C:\Users\admin\Desktop\Bus-Scheduling-And-Routing\venv\Lib\site-packages\drf_yasg\renderers.py first seen with mtime 1725183215.0401895
File C:\Users\admin\Desktop\Bus-Scheduling-And-Routing\venv\Lib\site-packages\django\db\migrations\executor.py first seen with mtime 1725183123.5706155
File C:\Users\admin\Desktop\Bus-Scheduling-And-Routing\venv\Lib\site-packages\django\core\cache\__init__.py first seen with mtime 1725183122.5772724
File C:\Users\admin\Desktop\Bus-Scheduling-And-Routing\venv\Lib\site-packages\django\db\models\constants.py first seen with mtime 1725183123.6623697
File C:\Users\admin\AppData\Local\Programs\Python\Python311\Lib\logging\config.py first seen with mtime 1686097818.0
File C:\Users\admin\Desktop\Bus-Scheduling-And-Routing\venv\Lib\site-packages\sqlparse\utils.py first seen with mtime 1725183098.2766397
File C:\Users\admin\Desktop\Bus-Scheduling-And-Routing\venv\Lib\site-packages\yaml\resolver.py first seen with mtime 1725183213.9181895
File C:\Users\admin\AppData\Local\Programs\Python\Python311\Lib\zipfile.py first seen with mtime 1686097818.0
File C:\Users\admin\Desktop\Bus-Scheduling-And-Routing\venv\Lib\site-packages\django\views\generic\dates.py first seen with mtime 1725183124.7394884
File C:\Users\admin\Desktop\Bus-Scheduling-And-Routing\venv\Lib\site-packages\rest_framework\exceptions.py first seen with mtime 1725173020.8969634
File C:\Users\admin\AppData\Local\Programs\Python\Python311\Lib\asyncio\threads.py first seen with mtime 1686097818.0
File C:\Users\admin\Desktop\Bus-Scheduling-And-Routing\venv\Lib\site-packages\django\db\models\indexes.py first seen with mtime 1725183123.6923108
File C:\Users\admin\Desktop\Bus-Scheduling-And-Routing\venv\Lib\site-packages\django\utils\http.py first seen with mtime 1725183124.6237986
File C:\Users\admin\AppData\Local\Programs\Python\Python311\Lib\importlib\__init__.py first seen with mtime 1686097818.0
File C:\Users\admin\Desktop\Bus-Scheduling-And-Routing\venv\Lib\site-packages\django\core\checks\security\base.py first seen with mtime 1725183122.6611197
File C:\Users\admin\Desktop\Bus-Scheduling-And-Routing\venv\Lib\site-packages\packaging\_structures.py first seen with mtime 1725183214.602362
File C:\Users\admin\Desktop\Bus-Scheduling-And-Routing\venv\Lib\site-packages\django\contrib\contenttypes\management\__init__.py first seen with mtime 1725183112.0544238
File C:\Users\admin\Desktop\Bus-Scheduling-And-Routing\venv\Lib\site-packages\psycopg2\errors.py first seen with mtime 1725172963.87796
File C:\Users\admin\Desktop\Bus-Scheduling-And-Routing\venv\Lib\site-packages\django\core\files\storage\filesystem.py first seen with mtime 1725183122.7339
File C:\Users\admin\Desktop\Bus-Scheduling-And-Routing\venv\Lib\site-packages\django\db\migrations\loader.py first seen with mtime 1725183123.5756018
File C:\Users\admin\AppData\Local\Programs\Python\Python311\Lib\importlib\metadata\_adapters.py first seen with mtime 1686097818.0
File C:\Users\admin\AppData\Local\Programs\Python\Python311\Lib\email\mime\multipart.py first seen with mtime 1686097818.0
File C:\Users\admin\Desktop\Bus-Scheduling-And-Routing\venv\Lib\site-packages\django\db\models\sql\datastructures.py first seen with mtime 1725183123.8778417
File C:\Users\admin\AppData\Local\Programs\Python\Python311\Lib\keyword.py first seen with mtime 1686097818.0
File C:\Users\admin\AppData\Local\Programs\Python\Python311\Lib\re\_constants.py first seen with mtime 1686097818.0
File C:\Users\admin\AppData\Local\Programs\Python\Python311\Lib\sqlite3\__init__.py first seen with mtime 1686097818.0
File C:\Users\admin\Desktop\Bus-Scheduling-And-Routing\venv\Lib\site-packages\pkg_resources\_vendor\packaging\version.py first seen with mtime 1725172840.7359805
File C:\Users\admin\Desktop\Bus-Scheduling-And-Routing\venv\Lib\site-packages\django\db\backends\sqlite3\base.py first seen with mtime 1725183123.475889
File C:\Users\admin\AppData\Local\Programs\Python\Python311\Lib\xml\parsers\__init__.py first seen with mtime 1686097818.0
File C:\Users\admin\Desktop\Bus-Scheduling-And-Routing\venv\Lib\site-packages\django\contrib\auth\password_validation.py first seen with mtime 1725183109.6049776
File C:\Users\admin\Desktop\Bus-Scheduling-And-Routing\venv\Lib\site-packages\rest_framework\authentication.py first seen with mtime 1725173020.8281474
File C:\Users\admin\Desktop\Bus-Scheduling-And-Routing\venv\Lib\site-packages\asgiref\__init__.py first seen with mtime 1725172964.2190466
File C:\Users\admin\Desktop\Bus-Scheduling-And-Routing\venv\Lib\site-packages\django\utils\crypto.py first seen with mtime 1725183124.58609
File C:\Users\admin\Desktop\Bus-Scheduling-And-Routing\venv\Lib\site-packages\django\utils\deprecation.py first seen with mtime 1725183124.5988686
File C:\Users\admin\AppData\Local\Programs\Python\Python311\Lib\xml\dom\minidom.py first seen with mtime 1686097818.0
File C:\Users\admin\Desktop\Bus-Scheduling-And-Routing\venv\Lib\site-packages\django\db\backends\base\introspection.py first seen with mtime 1725183123.2773993
File C:\Users\admin\Desktop\Bus-Scheduling-And-Routing\venv\Lib\site-packages\drf_yasg\inspectors\__init__.py first seen with mtime 1725183215.044178
File C:\Users\admin\AppData\Local\Programs\Python\Python311\Lib\unittest\runner.py first seen with mtime 1686097818.0
File C:\Users\admin\Desktop\Bus-Scheduling-And-Routing\venv\Lib\site-packages\django\contrib\sites\requests.py first seen with mtime 1725183121.366513
File C:\Users\admin\Desktop\Bus-Scheduling-And-Routing\venv\Lib\site-packages\django\contrib\admindocs\views.py first seen with mtime 1725183108.318506
File C:\Users\admin\Desktop\Bus-Scheduling-And-Routing\venv\Lib\site-packages\django\core\mail\message.py first seen with mtime 1725183122.7936933
File C:\Users\admin\AppData\Local\Programs\Python\Python311\DLLs\_socket.pyd first seen with mtime 1686097894.0
File C:\Users\admin\Desktop\Bus-Scheduling-And-Routing\venv\Lib\site-packages\django\core\management\color.py first seen with mtime 1725183123.0290642
File C:\Users\admin\Desktop\Bus-Scheduling-And-Routing\venv\Lib\site-packages\yaml\dumper.py first seen with mtime 1725183213.905224
File C:\Users\admin\Desktop\Bus-Scheduling-And-Routing\venv\Lib\site-packages\django\contrib\admin\views\__init__.py first seen with mtime 1725183108.284511
File C:\Users\admin\Desktop\Bus-Scheduling-And-Routing\venv\Lib\site-packages\psycopg2\extras.py first seen with mtime 1725172963.8819494
File C:\Users\admin\Desktop\Bus-Scheduling-And-Routing\venv\Lib\site-packages\django\db\migrations\operations\base.py first seen with mtime 1725183123.637437
File C:\Users\admin\Desktop\Bus-Scheduling-And-Routing\venv\Lib\site-packages\pytz\__init__.py first seen with mtime 1725183212.4142134
File C:\Users\admin\AppData\Local\Programs\Python\Python311\Lib\tokenize.py first seen with mtime 1686097818.0
File C:\Users\admin\AppData\Local\Programs\Python\Python311\Lib\urllib\__init__.py first seen with mtime 1686097818.0
File C:\Users\admin\AppData\Local\Programs\Python\Python311\Lib\email\message.py first seen with mtime 1686097818.0
File C:\Users\admin\AppData\Local\Programs\Python\Python311\Lib\concurrent\futures\thread.py first seen with mtime 1686097818.0
File C:\Users\admin\Desktop\Bus-Scheduling-And-Routing\venv\Lib\site-packages\pkg_resources\_vendor\packaging\_structures.py first seen with mtime 1725172840.724955
File C:\Users\admin\Desktop\Bus-Scheduling-And-Routing\venv\Lib\site-packages\django\contrib\contenttypes\views.py first seen with mtime 1725183111.0610816
File C:\Users\admin\Desktop\Bus-Scheduling-And-Routing\venv\Lib\site-packages\django\db\models\sql\subqueries.py first seen with mtime 1725183123.8897786
File C:\Users\admin\Desktop\Bus-Scheduling-And-Routing\venv\Lib\site-packages\django\core\checks\compatibility\django_4_0.py first seen with mtime 1725183122.6530702
File C:\Users\admin\AppData\Local\Programs\Python\Python311\Lib\statistics.py first seen with mtime 1686097818.0
File C:\Users\admin\Desktop\Bus-Scheduling-And-Routing\venv\Lib\site-packages\django\core\handlers\asgi.py first seen with mtime 1725183122.7667663
File C:\Users\admin\Desktop\Bus-Scheduling-And-Routing\venv\Lib\site-packages\django\contrib\admin\templatetags\__init__.py first seen with mtime 1725183108.2705472
File C:\Users\admin\Desktop\Bus-Scheduling-And-Routing\venv\Lib\site-packages\django\utils\encoding.py first seen with mtime 1725183124.6028533
File C:\Users\admin\Desktop\Bus-Scheduling-And-Routing\venv\Lib\site-packages\django\db\backends\__init__.py first seen with mtime 1725183123.2434936
File C:\Users\admin\Desktop\Bus-Scheduling-And-Routing\venv\Lib\site-packages\django\contrib\sessions\models.py first seen with mtime 1725183120.4989552
File C:\Users\admin\AppData\Local\Programs\Python\Python311\Lib\concurrent\futures\_base.py first seen with mtime 1686097818.0
File C:\Users\admin\Desktop\Bus-Scheduling-And-Routing\venv\Lib\site-packages\django\contrib\sites\__init__.py first seen with mtime 1725183121.323645
File C:\Users\admin\Desktop\Bus-Scheduling-And-Routing\venv\Lib\site-packages\django\contrib\admin\exceptions.py first seen with mtime 1725183105.6954355
File C:\Users\admin\Desktop\Bus-Scheduling-And-Routing\venv\Lib\site-packages\django\contrib\contenttypes\forms.py first seen with mtime 1725183111.055147
File C:\Users\admin\Desktop\Bus-Scheduling-And-Routing\venv\Lib\site-packages\django\db\models\utils.py first seen with mtime 1725183123.729191
File C:\Users\admin\Desktop\Bus-Scheduling-And-Routing\venv\Lib\site-packages\django\templatetags\cache.py first seen with mtime 1725183124.5061123
File C:\Users\admin\AppData\Local\Programs\Python\Python311\Lib\token.py first seen with mtime 1686097818.0
File C:\Users\admin\Desktop\Bus-Scheduling-And-Routing\venv\Lib\site-packages\django\contrib\admin\filters.py first seen with mtime 1725183105.6974297
File C:\Users\admin\Desktop\Bus-Scheduling-And-Routing\venv\Lib\site-packages\django\core\management\__init__.py first seen with mtime 1725183123.02149
File C:\Users\admin\Desktop\Bus-Scheduling-And-Routing\venv\Lib\site-packages\uritemplate\__init__.py first seen with mtime 1725183213.7337835
File C:\Users\admin\AppData\Local\Programs\Python\Python311\Lib\asyncio\locks.py first seen with mtime 1686097818.0
File C:\Users\admin\AppData\Local\Programs\Python\Python311\Lib\email\policy.py first seen with mtime 1686097818.0
File C:\Users\admin\Desktop\Bus-Scheduling-And-Routing\venv\Lib\site-packages\django\contrib\__init__.py first seen with mtime 1725183105.6804764
File C:\Users\admin\AppData\Local\Programs\Python\Python311\Lib\enum.py first seen with mtime 1686097818.0
File C:\Users\admin\Desktop\Bus-Scheduling-And-Routing\venv\Lib\site-packages\django\contrib\auth\views.py first seen with mtime 1725183109.6378884
File C:\Users\admin\Desktop\Bus-Scheduling-And-Routing\venv\Lib\site-packages\drf_yasg\utils.py first seen with mtime 1725183215.0412612
File C:\Users\admin\AppData\Local\Programs\Python\Python311\Lib\socket.py first seen with mtime 1686097818.0
File C:\Users\admin\AppData\Local\Programs\Python\Python311\DLLs\_zoneinfo.pyd first seen with mtime 1686097896.0
File C:\Users\admin\AppData\Local\Programs\Python\Python311\Lib\asyncio\selector_events.py first seen with mtime 1686097818.0
File C:\Users\admin\AppData\Local\Programs\Python\Python311\Lib\asyncio\subprocess.py first seen with mtime 1686097818.0
File C:\Users\admin\Desktop\Bus-Scheduling-And-Routing\venv\Lib\site-packages\rest_framework\templatetags\__init__.py first seen with mtime 1725173022.0571973
File C:\Users\admin\Desktop\Bus-Scheduling-And-Routing\venv\Lib\site-packages\rest_framework_simplejwt\models.py first seen with mtime 1725173025.874494
File C:\Users\admin\Desktop\Bus-Scheduling-And-Routing\venv\Lib\site-packages\django\db\backends\sqlite3\_functions.py first seen with mtime 1725183123.4718804
File C:\Users\admin\Desktop\Bus-Scheduling-And-Routing\venv\Lib\site-packages\sqlparse\filters\aligned_indent.py first seen with mtime 1725183098.29759
File C:\Users\admin\Desktop\Bus-Scheduling-And-Routing\venv\Lib\site-packages\django\core\servers\basehttp.py first seen with mtime 1725183123.235518
File C:\Users\admin\AppData\Local\Programs\Python\Python311\DLLs\unicodedata.pyd first seen with mtime 1686097896.0
File C:\Users\admin\AppData\Local\Programs\Python\Python311\Lib\gettext.py first seen with mtime 1686097818.0
File C:\Users\admin\Desktop\Bus-Scheduling-And-Routing\venv\Lib\site-packages\django\contrib\auth\forms.py first seen with mtime 1725183109.5940063
File C:\Users\admin\Desktop\Bus-Scheduling-And-Routing\venv\Lib\site-packages\django\contrib\staticfiles\utils.py first seen with mtime 1725183122.4715557
File C:\Users\admin\AppData\Local\Programs\Python\Python311\Lib\contextlib.py first seen with mtime 1686097818.0
File C:\Users\admin\Desktop\Bus-Scheduling-And-Routing\venv\Lib\site-packages\django\db\transaction.py first seen with mtime 1725183123.2394998
File C:\Users\admin\AppData\Local\Programs\Python\Python311\Lib\asyncio\log.py first seen with mtime 1686097818.0
File C:\Users\admin\Desktop\Bus-Scheduling-And-Routing\venv\Lib\site-packages\sqlparse\__init__.py first seen with mtime 1725183098.232509
File C:\Users\admin\Desktop\Bus-Scheduling-And-Routing\venv\Lib\site-packages\django\db\models\functions\__init__.py first seen with mtime 1725183123.8279274
File C:\Users\admin\Desktop\Bus-Scheduling-And-Routing\venv\Lib\site-packages\psycopg2\__init__.py first seen with mtime 1725172963.8280928
File C:\Users\admin\Desktop\Bus-Scheduling-And-Routing\venv\Lib\site-packages\django\db\backends\sqlite3\creation.py first seen with mtime 1725183123.484855
File C:\Users\admin\Desktop\Bus-Scheduling-And-Routing\venv\Lib\site-packages\rest_framework\utils\formatting.py first seen with mtime 1725173022.0788016
File C:\Users\admin\Desktop\Bus-Scheduling-And-Routing\venv\Lib\site-packages\django\template\defaulttags.py first seen with mtime 1725183124.4552495
File C:\Users\admin\Desktop\Bus-Scheduling-And-Routing\venv\Lib\site-packages\django\core\checks\templates.py first seen with mtime 1725183122.6411023
File C:\Users\admin\Desktop\Bus-Scheduling-And-Routing\venv\Lib\site-packages\django\template\autoreload.py first seen with mtime 1725183124.4422836
File C:\Users\admin\Desktop\Bus-Scheduling-And-Routing\venv\Lib\site-packages\django\utils\log.py first seen with mtime 1725183124.632775
File C:\Users\admin\Desktop\Bus-Scheduling-And-Routing\venv\Lib\site-packages\rest_framework\utils\representation.py first seen with mtime 1725173022.0967546
File C:\Users\admin\Desktop\Bus-Scheduling-And-Routing\venv\Lib\site-packages\django\db\models\query.py first seen with mtime 1725183123.710243
File C:\Users\admin\AppData\Local\Programs\Python\Python311\Lib\getpass.py first seen with mtime 1686097818.0
File C:\Users\admin\Desktop\Bus-Scheduling-And-Routing\venv\Lib\site-packages\rest_framework\status.py first seen with mtime 1725173020.974991
File C:\Users\admin\Desktop\Bus-Scheduling-And-Routing\venv\Lib\site-packages\django\utils\datastructures.py first seen with mtime 1725183124.5878942
File C:\Users\admin\Desktop\Bus-Scheduling-And-Routing\venv\Lib\site-packages\django\views\generic\edit.py first seen with mtime 1725183124.74248
File C:\Users\admin\AppData\Local\Programs\Python\Python311\Lib\asyncio\windows_utils.py first seen with mtime 1686097818.0
File C:\Users\admin\AppData\Local\Programs\Python\Python311\Lib\email\mime\nonmultipart.py first seen with mtime 1686097818.0
File C:\Users\admin\Desktop\Bus-Scheduling-And-Routing\venv\Lib\site-packages\django\core\mail\utils.py first seen with mtime 1725183122.7952666
File C:\Users\admin\Desktop\Bus-Scheduling-And-Routing\venv\Lib\site-packages\pkg_resources\_vendor\packaging\specifiers.py first seen with mtime 1725172840.7309377
File C:\Users\admin\Desktop\Bus-Scheduling-And-Routing\venv\Lib\site-packages\django\views\defaults.py first seen with mtime 1725183124.6896212
File C:\Users\admin\AppData\Local\Programs\Python\Python311\Lib\ctypes\_endian.py first seen with mtime 1686097818.0
File C:\Users\admin\AppData\Local\Programs\Python\Python311\Lib\csv.py first seen with mtime 1686097818.0
File C:\Users\admin\Desktop\Bus-Scheduling-And-Routing\venv\Lib\site-packages\django\views\csrf.py first seen with mtime 1725183124.6859274
File C:\Users\admin\AppData\Local\Programs\Python\Python311\Lib\unittest\result.py first seen with mtime 1686097818.0
File C:\Users\admin\AppData\Local\Programs\Python\Python311\Lib\subprocess.py first seen with mtime 1686097818.0
File C:\Users\admin\AppData\Local\Programs\Python\Python311\Lib\graphlib.py first seen with mtime 1686097818.0
File C:\Users\admin\Desktop\Bus-Scheduling-And-Routing\venv\Lib\site-packages\django\db\models\functions\text.py first seen with mtime 1725183123.853858
File C:\Users\admin\AppData\Local\Programs\Python\Python311\Lib\unittest\__init__.py first seen with mtime 1686097818.0
File C:\Users\admin\AppData\Local\Programs\Python\Python311\Lib\email\utils.py first seen with mtime 1686097818.0
File C:\Users\admin\Desktop\Bus-Scheduling-And-Routing\venv\Lib\site-packages\django\contrib\contenttypes\admin.py first seen with mtime 1725183111.0461211
File C:\Users\admin\AppData\Local\Programs\Python\Python311\Lib\email\mime\message.py first seen with mtime 1686097818.0
File C:\Users\admin\AppData\Local\Programs\Python\Python311\Lib\ctypes\wintypes.py first seen with mtime 1686097818.0
File C:\Users\admin\Desktop\Bus-Scheduling-And-Routing\venv\Lib\site-packages\yaml\error.py first seen with mtime 1725183213.9082162
File C:\Users\admin\AppData\Local\Programs\Python\Python311\Lib\email\_parseaddr.py first seen with mtime 1686097818.0
File C:\Users\admin\Desktop\Bus-Scheduling-And-Routing\venv\Lib\site-packages\drf_yasg\inspectors\view.py first seen with mtime 1725183215.0511587
File C:\Users\admin\Desktop\Bus-Scheduling-And-Routing\venv\Lib\site-packages\django\templatetags\l10n.py first seen with mtime 1725183124.5091043
File C:\Users\admin\Desktop\Bus-Scheduling-And-Routing\venv\Lib\site-packages\django\views\i18n.py first seen with mtime 1725183124.6916876
File C:\Users\admin\AppData\Local\Programs\Python\Python311\Lib\email\errors.py first seen with mtime 1686097818.0
File C:\Users\admin\Desktop\Bus-Scheduling-And-Routing\venv\Lib\site-packages\rest_framework\parsers.py first seen with mtime 1725173020.9378555
File C:\Users\admin\AppData\Local\Programs\Python\Python311\Lib\asyncio\windows_events.py first seen with mtime 1686097818.0
File C:\Users\admin\Desktop\Bus-Scheduling-And-Routing\venv\Lib\site-packages\_distutils_hack\__init__.py first seen with mtime 1725172840.6691036
File C:\Users\admin\AppData\Local\Programs\Python\Python311\Lib\_compression.py first seen with mtime 1686097818.0
File C:\Users\admin\Desktop\Bus-Scheduling-And-Routing\venv\Lib\site-packages\django\utils\tree.py first seen with mtime 1725183124.6666903
File C:\Users\admin\AppData\Local\Programs\Python\Python311\Lib\asyncio\coroutines.py first seen with mtime 1686097818.0
File C:\Users\admin\AppData\Local\Programs\Python\Python311\Lib\xml\dom\domreg.py first seen with mtime 1686097818.0
File C:\Users\admin\Desktop\Bus-Scheduling-And-Routing\venv\Lib\site-packages\django\contrib\admin\checks.py first seen with mtime 1725183105.6924436
File C:\Users\admin\AppData\Local\Programs\Python\Python311\Lib\heapq.py first seen with mtime 1686097818.0
File C:\Users\admin\Desktop\Bus-Scheduling-And-Routing\venv\Lib\site-packages\django\contrib\admin\templatetags\admin_modify.py first seen with mtime 1725183108.2755342
File C:\Users\admin\AppData\Local\Programs\Python\Python311\Lib\asyncio\streams.py first seen with mtime 1686097818.0
File C:\Users\admin\Desktop\Bus-Scheduling-And-Routing\venv\Lib\site-packages\django\contrib\admin\views\decorators.py first seen with mtime 1725183108.288499
File C:\Users\admin\AppData\Local\Programs\Python\Python311\Lib\email\feedparser.py first seen with mtime 1686097818.0
File C:\Users\admin\Desktop\Bus-Scheduling-And-Routing\venv\Lib\site-packages\django\forms\renderers.py first seen with mtime 1725183123.9506059
File C:\Users\admin\Desktop\Bus-Scheduling-And-Routing\venv\Lib\site-packages\django\contrib\postgres\search.py first seen with mtime 1725183118.4064314
File C:\Users\admin\Desktop\Bus-Scheduling-And-Routing\venv\Lib\site-packages\django\db\models\functions\window.py first seen with mtime 1725183123.8558528
File C:\Users\admin\Desktop\Bus-Scheduling-And-Routing\venv\Lib\site-packages\django\contrib\auth\admin.py first seen with mtime 1725183109.5770507
File C:\Users\admin\Desktop\Bus-Scheduling-And-Routing\venv\Lib\site-packages\rest_framework\schemas\generators.py first seen with mtime 1725173021.56318
File C:\Users\admin\Desktop\Bus-Scheduling-And-Routing\venv\Lib\site-packages\django\db\migrations\state.py first seen with mtime 1725183123.5955493
File C:\Users\admin\Desktop\Bus-Scheduling-And-Routing\venv\Lib\site-packages\rest_framework\validators.py first seen with mtime 1725173020.9976943
File C:\Users\admin\AppData\Local\Programs\Python\Python311\Lib\sqlite3\dbapi2.py first seen with mtime 1686097818.0
File C:\Users\admin\Desktop\Bus-Scheduling-And-Routing\venv\Lib\site-packages\django\db\backends\base\features.py first seen with mtime 1725183123.275405
File C:\Users\admin\AppData\Local\Programs\Python\Python311\Lib\urllib\parse.py first seen with mtime 1686097818.0
File C:\Users\admin\Desktop\Bus-Scheduling-And-Routing\venv\Lib\site-packages\django\db\models\__init__.py first seen with mtime 1725183123.6534224
File C:\Users\admin\Desktop\Bus-Scheduling-And-Routing\venv\Lib\site-packages\rest_framework\renderers.py first seen with mtime 1725173020.944835
File C:\Users\admin\AppData\Local\Programs\Python\Python311\Lib\base64.py first seen with mtime 1686097818.0
File C:\Users\admin\AppData\Local\Programs\Python\Python311\Lib\hmac.py first seen with mtime 1686097818.0
File C:\Users\admin\AppData\Local\Programs\Python\Python311\Lib\json\scanner.py first seen with mtime 1686097818.0
File C:\Users\admin\Desktop\Bus-Scheduling-And-Routing\venv\Lib\site-packages\django\utils\translation\trans_real.py first seen with mtime 1725183124.6816435
File C:\Users\admin\AppData\Local\Programs\Python\Python311\Lib\xml\__init__.py first seen with mtime 1686097818.0
File C:\Users\admin\AppData\Local\Programs\Python\Python311\Lib\shutil.py first seen with mtime 1686097818.0
File C:\Users\admin\Desktop\Bus-Scheduling-And-Routing\venv\Lib\site-packages\rest_framework\compat.py first seen with mtime 1725173020.8801427
File C:\Users\admin\Desktop\Bus-Scheduling-And-Routing\venv\Lib\site-packages\django\core\handlers\base.py first seen with mtime 1725183122.7707548
File C:\Users\admin\Desktop\Bus-Scheduling-And-Routing\venv\Lib\site-packages\django\contrib\admin\models.py first seen with mtime 1725183105.7113929
File C:\Users\admin\Desktop\Bus-Scheduling-And-Routing\bus_scheduler\api\__init__.py first seen with mtime 1725173093.5902507
File C:\Users\admin\AppData\Local\Programs\Python\Python311\DLLs\_queue.pyd first seen with mtime 1686097894.0
File C:\Users\admin\Desktop\Bus-Scheduling-And-Routing\venv\Lib\site-packages\django\core\checks\files.py first seen with mtime 1725183122.6211555
File C:\Users\admin\Desktop\Bus-Scheduling-And-Routing\venv\Lib\site-packages\django\utils\timesince.py first seen with mtime 1725183124.659784
File C:\Users\admin\Desktop\Bus-Scheduling-And-Routing\venv\Lib\site-packages\django\core\checks\compatibility\__init__.py first seen with mtime 1725183122.6510866
File C:\Users\admin\Desktop\Bus-Scheduling-And-Routing\venv\Lib\site-packages\django\contrib\messages\apps.py first seen with mtime 1725183118.1890132
File C:\Users\admin\Desktop\Bus-Scheduling-And-Routing\venv\Lib\site-packages\django\core\__init__.py first seen with mtime 1725183122.542367
File C:\Users\admin\Desktop\Bus-Scheduling-And-Routing\venv\Lib\site-packages\drf_yasg\__init__.py first seen with mtime 1725183215.0282252
File C:\Users\admin\AppData\Local\Programs\Python\Python311\Lib\warnings.py first seen with mtime 1686097818.0
File C:\Users\admin\Desktop\Bus-Scheduling-And-Routing\venv\Lib\site-packages\django\template\engine.py first seen with mtime 1725183124.4562714
File C:\Users\admin\Desktop\Bus-Scheduling-And-Routing\venv\Lib\site-packages\rest_framework\utils\model_meta.py first seen with mtime 1725173022.0947585
File C:\Users\admin\Desktop\Bus-Scheduling-And-Routing\venv\Lib\site-packages\uritemplate\orderedset.py first seen with mtime 1725183213.7366765
File C:\Users\admin\Desktop\Bus-Scheduling-And-Routing\bus_scheduler\api\models.py first seen with mtime 1725182557.5489843
File C:\Users\admin\Desktop\Bus-Scheduling-And-Routing\venv\Lib\site-packages\django\utils\asyncio.py first seen with mtime 1725183124.574928
File C:\Users\admin\Desktop\Bus-Scheduling-And-Routing\venv\Lib\site-packages\django\contrib\auth\hashers.py first seen with mtime 1725183109.5960011
File C:\Users\admin\AppData\Local\Programs\Python\Python311\Lib\encodings\cp1252.py first seen with mtime 1686097818.0
File C:\Users\admin\Desktop\Bus-Scheduling-And-Routing\venv\Lib\site-packages\sqlparse\formatter.py first seen with mtime 1725183098.2554204
File C:\Users\admin\Desktop\Bus-Scheduling-And-Routing\venv\Lib\site-packages\django\views\generic\list.py first seen with mtime 1725183124.745473
File C:\Users\admin\AppData\Local\Programs\Python\Python311\Lib\opcode.py first seen with mtime 1686097818.0
File C:\Users\admin\Desktop\Bus-Scheduling-And-Routing\venv\Lib\site-packages\django\core\management\sql.py first seen with mtime 1725183123.0430481
File C:\Users\admin\Desktop\Bus-Scheduling-And-Routing\venv\Lib\site-packages\django\utils\dateparse.py first seen with mtime 1725183124.590885
File C:\Users\admin\Desktop\Bus-Scheduling-And-Routing\venv\Lib\site-packages\django\contrib\staticfiles\__init__.py first seen with mtime 1725183122.4546008
File C:\Users\admin\Desktop\Bus-Scheduling-And-Routing\venv\Lib\site-packages\django\template\loader_tags.py first seen with mtime 1725183124.464226
File C:\Users\admin\Desktop\Bus-Scheduling-And-Routing\venv\Lib\site-packages\django\template\context.py first seen with mtime 1725183124.4472706
File C:\Users\admin\Desktop\Bus-Scheduling-And-Routing\venv\Lib\site-packages\django\templatetags\tz.py first seen with mtime 1725183124.5150886
File C:\Users\admin\AppData\Local\Programs\Python\Python311\Lib\calendar.py first seen with mtime 1686097818.0
File C:\Users\admin\Desktop\Bus-Scheduling-And-Routing\venv\Lib\site-packages\django\template\response.py first seen with mtime 1725183124.4662788
File C:\Users\admin\Desktop\Bus-Scheduling-And-Routing\venv\Lib\site-packages\django\http\multipartparser.py first seen with mtime 1725183124.41037
File C:\Users\admin\AppData\Local\Programs\Python\Python311\Lib\asyncio\constants.py first seen with mtime 1686097818.0
File C:\Users\admin\Desktop\Bus-Scheduling-And-Routing\venv\Lib\site-packages\django\contrib\contenttypes\fields.py first seen with mtime 1725183111.0531027
File C:\Users\admin\Desktop\Bus-Scheduling-And-Routing\venv\Lib\site-packages\django\utils\duration.py first seen with mtime 1725183124.6008663
File C:\Users\admin\AppData\Local\Programs\Python\Python311\Lib\zoneinfo\_common.py first seen with mtime 1686097818.0
File C:\Users\admin\Desktop\Bus-Scheduling-And-Routing\venv\Lib\site-packages\rest_framework\utils\html.py first seen with mtime 1725173022.0807972
File C:\Users\admin\Desktop\Bus-Scheduling-And-Routing\venv\Lib\site-packages\django\contrib\auth\tokens.py first seen with mtime 1725183109.6289132
File C:\Users\admin\Desktop\Bus-Scheduling-And-Routing\venv\Lib\site-packages\pkg_resources\_vendor\pyparsing\helpers.py first seen with mtime 1725172840.7488902
File C:\Users\admin\Desktop\Bus-Scheduling-And-Routing\venv\Lib\site-packages\django\core\mail\__init__.py first seen with mtime 1725183122.784728
File C:\Users\admin\Desktop\Bus-Scheduling-And-Routing\venv\Lib\site-packages\drf_yasg\openapi.py first seen with mtime 1725183215.038827
File C:\Users\admin\Desktop\Bus-Scheduling-And-Routing\venv\Lib\site-packages\django\contrib\messages\storage\__init__.py first seen with mtime 1725183118.311685
File C:\Users\admin\Desktop\Bus-Scheduling-And-Routing\venv\Lib\site-packages\django\db\models\expressions.py first seen with mtime 1725183123.688303
File C:\Users\admin\Desktop\Bus-Scheduling-And-Routing\venv\Lib\site-packages\django\db\models\fields\json.py first seen with mtime 1725183123.7571242
File C:\Users\admin\Desktop\Bus-Scheduling-And-Routing\venv\Lib\site-packages\django\template\backends\__init__.py first seen with mtime 1725183124.4712067
File C:\Users\admin\AppData\Local\Programs\Python\Python311\Lib\pkgutil.py first seen with mtime 1686097818.0
File C:\Users\admin\Desktop\Bus-Scheduling-And-Routing\venv\Lib\site-packages\rest_framework_simplejwt\utils.py first seen with mtime 1725173025.8874602
File C:\Users\admin\AppData\Local\Programs\Python\Python311\Lib\unittest\main.py first seen with mtime 1686097818.0
File C:\Users\admin\Desktop\Bus-Scheduling-And-Routing\bus_scheduler\manage.py first seen with mtime 1725173075.5393991
File C:\Users\admin\AppData\Local\Programs\Python\Python311\Lib\unittest\case.py first seen with mtime 1686097818.0
File C:\Users\admin\AppData\Local\Programs\Python\Python311\Lib\difflib.py first seen with mtime 1686097818.0
File C:\Users\admin\AppData\Local\Programs\Python\Python311\Lib\http\server.py first seen with mtime 1686097818.0
File C:\Users\admin\Desktop\Bus-Scheduling-And-Routing\venv\Lib\site-packages\django\urls\base.py first seen with mtime 1725183124.554982
File C:\Users\admin\Desktop\Bus-Scheduling-And-Routing\venv\Lib\site-packages\django\contrib\messages\constants.py first seen with mtime 1725183118.191007
File C:\Users\admin\AppData\Local\Programs\Python\Python311\Lib\socketserver.py first seen with mtime 1686097818.0
File C:\Users\admin\Desktop\Bus-Scheduling-And-Routing\venv\Lib\site-packages\django\forms\utils.py first seen with mtime 1725183123.952595
File C:\Users\admin\AppData\Local\Programs\Python\Python311\Lib\encodings\__init__.py first seen with mtime 1686097818.0
File C:\Users\admin\AppData\Local\Programs\Python\Python311\Lib\html\__init__.py first seen with mtime 1686097818.0
File C:\Users\admin\Desktop\Bus-Scheduling-And-Routing\venv\Lib\site-packages\django\core\checks\security\csrf.py first seen with mtime 1725183122.6630435
File C:\Users\admin\Desktop\Bus-Scheduling-And-Routing\venv\Lib\site-packages\django\contrib\postgres\forms\ranges.py first seen with mtime 1725183118.5091562
File C:\Users\admin\AppData\Local\Programs\Python\Python311\Lib\zoneinfo\_tzpath.py first seen with mtime 1686097818.0
File C:\Users\admin\AppData\Local\Programs\Python\Python311\Lib\zoneinfo\__init__.py first seen with mtime 1686097818.0
File C:\Users\admin\Desktop\Bus-Scheduling-And-Routing\venv\Lib\site-packages\sqlparse\filters\output.py first seen with mtime 1725183098.3045087
File C:\Users\admin\AppData\Local\Programs\Python\Python311\Lib\asyncio\staggered.py first seen with mtime 1686097818.0
File C:\Users\admin\AppData\Local\Programs\Python\Python311\Lib\random.py first seen with mtime 1686097818.0
File C:\Users\admin\Desktop\Bus-Scheduling-And-Routing\venv\Lib\site-packages\django\contrib\sessions\backends\__init__.py first seen with mtime 1725183120.502823
File C:\Users\admin\Desktop\Bus-Scheduling-And-Routing\venv\Lib\site-packages\django\db\models\deletion.py first seen with mtime 1725183123.6783278
File C:\Users\admin\Desktop\Bus-Scheduling-And-Routing\venv\Lib\site-packages\django\middleware\cache.py first seen with mtime 1725183124.421341
File C:\Users\admin\AppData\Local\Programs\Python\Python311\Lib\decimal.py first seen with mtime 1686097818.0
File C:\Users\admin\AppData\Local\Programs\Python\Python311\Lib\concurrent\__init__.py first seen with mtime 1686097818.0
File C:\Users\admin\Desktop\Bus-Scheduling-And-Routing\venv\Lib\site-packages\django\db\backends\base\operations.py first seen with mtime 1725183123.278536
File C:\Users\admin\Desktop\Bus-Scheduling-And-Routing\venv\Lib\site-packages\django\template\exceptions.py first seen with mtime 1725183124.4582407
File C:\Users\admin\Desktop\Bus-Scheduling-And-Routing\venv\Lib\site-packages\django\test\testcases.py first seen with mtime 1725183124.5460076
File C:\Users\admin\Desktop\Bus-Scheduling-And-Routing\venv\Lib\site-packages\pkg_resources\_vendor\packaging\tags.py first seen with mtime 1725172840.7319355
File C:\Users\admin\Desktop\Bus-Scheduling-And-Routing\venv\Lib\site-packages\rest_framework\utils\json.py first seen with mtime 1725173022.0868185
File C:\Users\admin\AppData\Local\Programs\Python\Python311\Lib\copy.py first seen with mtime 1686097818.0
File C:\Users\admin\AppData\Local\Programs\Python\Python311\Lib\multiprocessing\context.py first seen with mtime 1686097818.0
File C:\Users\admin\AppData\Local\Programs\Python\Python311\Lib\typing.py first seen with mtime 1686097818.0
File C:\Users\admin\Desktop\Bus-Scheduling-And-Routing\venv\Lib\site-packages\django\core\cache\backends\filebased.py first seen with mtime 1725183122.5922327
File C:\Users\admin\AppData\Local\Programs\Python\Python311\Lib\asyncio\queues.py first seen with mtime 1686097818.0
File C:\Users\admin\Desktop\Bus-Scheduling-And-Routing\venv\Lib\site-packages\rest_framework\reverse.py first seen with mtime 1725173020.9587996
File C:\Users\admin\AppData\Local\Programs\Python\Python311\Lib\encodings\aliases.py first seen with mtime 1686097818.0
File C:\Users\admin\Desktop\Bus-Scheduling-And-Routing\venv\Lib\site-packages\django\db\utils.py first seen with mtime 1725183123.2416346
File C:\Users\admin\AppData\Local\Programs\Python\Python311\DLLs\_lzma.pyd first seen with mtime 1686097894.0
File C:\Users\admin\Desktop\Bus-Scheduling-And-Routing\bus_scheduler\bus_scheduler\__init__.py first seen with mtime 1725173075.651089
File C:\Users\admin\Desktop\Bus-Scheduling-And-Routing\venv\Lib\site-packages\django\core\files\storage\memory.py first seen with mtime 1725183122.7398372
File C:\Users\admin\Desktop\Bus-Scheduling-And-Routing\venv\Lib\site-packages\django\db\models\lookups.py first seen with mtime 1725183123.6943586
File C:\Users\admin\AppData\Local\Programs\Python\Python311\DLLs\_uuid.pyd first seen with mtime 1686097894.0
File C:\Users\admin\Desktop\Bus-Scheduling-And-Routing\venv\Lib\site-packages\django\contrib\staticfiles\management\__init__.py first seen with mtime 1725183122.4752965
File C:\Users\admin\AppData\Local\Programs\Python\Python311\Lib\datetime.py first seen with mtime 1686097818.0
File C:\Users\admin\Desktop\Bus-Scheduling-And-Routing\venv\Lib\site-packages\django\__init__.py first seen with mtime 1725183104.574435
File C:\Users\admin\Desktop\Bus-Scheduling-And-Routing\venv\Lib\site-packages\django\db\models\fields\__init__.py first seen with mtime 1725183123.7401624
File C:\Users\admin\AppData\Local\Programs\Python\Python311\Lib\bz2.py first seen with mtime 1686097818.0
File C:\Users\admin\Desktop\Bus-Scheduling-And-Routing\venv\Lib\site-packages\pkg_resources\_vendor\pyparsing\util.py first seen with mtime 1725172840.7553608
File C:\Users\admin\AppData\Local\Programs\Python\Python311\Lib\asyncio\base_tasks.py first seen with mtime 1686097818.0
File C:\Users\admin\AppData\Local\Programs\Python\Python311\Lib\asyncio\exceptions.py first seen with mtime 1686097818.0
File C:\Users\admin\Desktop\Bus-Scheduling-And-Routing\venv\Lib\site-packages\django\template\loaders\__init__.py first seen with mtime 1725183124.492149
File C:\Users\admin\AppData\Local\Programs\Python\Python311\DLLs\_hashlib.pyd first seen with mtime 1686097894.0
File C:\Users\admin\Desktop\Bus-Scheduling-And-Routing\venv\Lib\site-packages\django\template\smartif.py first seen with mtime 1725183124.469211
File C:\Users\admin\Desktop\Bus-Scheduling-And-Routing\venv\Lib\site-packages\django\contrib\admin\decorators.py first seen with mtime 1725183105.693612
File C:\Users\admin\Desktop\Bus-Scheduling-And-Routing\venv\Lib\site-packages\django\db\migrations\operations\models.py first seen with mtime 1725183123.6444187
File C:\Users\admin\Desktop\Bus-Scheduling-And-Routing\venv\Lib\site-packages\django\db\migrations\exceptions.py first seen with mtime 1725183123.5656288
File C:\Users\admin\Desktop\Bus-Scheduling-And-Routing\venv\Lib\site-packages\django\utils\regex_helper.py first seen with mtime 1725183124.6407528
File C:\Users\admin\Desktop\Bus-Scheduling-And-Routing\venv\Lib\site-packages\django\utils\_os.py first seen with mtime 1725183124.5719361
File C:\Users\admin\Desktop\Bus-Scheduling-And-Routing\venv\Lib\site-packages\django\utils\translation\__init__.py first seen with mtime 1725183124.6726665
File C:\Users\admin\AppData\Local\Programs\Python\Python311\Lib\locale.py first seen with mtime 1686097818.0
File C:\Users\admin\AppData\Local\Programs\Python\Python311\Lib\re\_parser.py first seen with mtime 1686097818.0
File C:\Users\admin\AppData\Local\Programs\Python\Python311\Lib\queue.py first seen with mtime 1686097818.0
File C:\Users\admin\Desktop\Bus-Scheduling-And-Routing\venv\Lib\site-packages\yaml\constructor.py first seen with mtime 1725183213.9012873
File C:\Users\admin\Desktop\Bus-Scheduling-And-Routing\venv\Lib\site-packages\django\core\servers\__init__.py first seen with mtime 1725183123.2315261
File C:\Users\admin\Desktop\Bus-Scheduling-And-Routing\venv\Lib\site-packages\django\utils\cache.py first seen with mtime 1725183124.5789177
File C:\Users\admin\AppData\Local\Programs\Python\Python311\Lib\unittest\loader.py first seen with mtime 1686097818.0
File C:\Users\admin\AppData\Local\Programs\Python\Python311\Lib\logging\__init__.py first seen with mtime 1686097818.0
File C:\Users\admin\Desktop\Bus-Scheduling-And-Routing\venv\Lib\site-packages\django\db\models\fields\proxy.py first seen with mtime 1725183123.7720957
File C:\Users\admin\AppData\Local\Programs\Python\Python311\Lib\importlib\resources\_adapters.py first seen with mtime 1686097818.0
File C:\Users\admin\Desktop\Bus-Scheduling-And-Routing\venv\Lib\site-packages\django\utils\dates.py first seen with mtime 1725183124.5928802
File C:\Users\admin\Desktop\Bus-Scheduling-And-Routing\venv\Lib\site-packages\django\utils\dateformat.py first seen with mtime 1725183124.5888908
File C:\Users\admin\Desktop\Bus-Scheduling-And-Routing\venv\Lib\site-packages\django\utils\choices.py first seen with mtime 1725183124.581915
File C:\Users\admin\Desktop\Bus-Scheduling-And-Routing\venv\Lib\site-packages\django\middleware\security.py first seen with mtime 1725183124.4392915
File C:\Users\admin\Desktop\Bus-Scheduling-And-Routing\venv\Lib\site-packages\django\contrib\sessions\__init__.py first seen with mtime 1725183120.4878626
File C:\Users\admin\Desktop\Bus-Scheduling-And-Routing\venv\Lib\site-packages\django\core\serializers\base.py first seen with mtime 1725183123.2197323
File C:\Users\admin\Desktop\Bus-Scheduling-And-Routing\venv\Lib\site-packages\django\apps\config.py first seen with mtime 1725183104.5804186
File C:\Users\admin\AppData\Local\Programs\Python\Python311\Lib\wsgiref\simple_server.py first seen with mtime 1686097818.0
File C:\Users\admin\Desktop\Bus-Scheduling-And-Routing\venv\Lib\site-packages\django\core\checks\registry.py first seen with mtime 1725183122.633125
File C:\Users\admin\Desktop\Bus-Scheduling-And-Routing\venv\Lib\site-packages\django\utils\html.py first seen with mtime 1725183124.6208067
File C:\Users\admin\AppData\Local\Programs\Python\Python311\Lib\importlib\metadata\_itertools.py first seen with mtime 1686097818.0
File C:\Users\admin\Desktop\Bus-Scheduling-And-Routing\venv\Lib\site-packages\rest_framework\utils\__init__.py first seen with mtime 1725173022.0608609
File C:\Users\admin\Desktop\Bus-Scheduling-And-Routing\venv\Lib\site-packages\django\contrib\sessions\backends\base.py first seen with mtime 1725183120.5058148
File C:\Users\admin\Desktop\Bus-Scheduling-And-Routing\venv\Lib\site-packages\django\contrib\admin\templatetags\log.py first seen with mtime 1725183108.2805197
File C:\Users\admin\Desktop\Bus-Scheduling-And-Routing\venv\Lib\site-packages\django\core\handlers\wsgi.py first seen with mtime 1725183122.7787344
File C:\Users\admin\Desktop\Bus-Scheduling-And-Routing\venv\Lib\site-packages\django\db\backends\sqlite3\introspection.py first seen with mtime 1725183123.4932425
File C:\Users\admin\Desktop\Bus-Scheduling-And-Routing\venv\Lib\site-packages\psycopg2\_json.py first seen with mtime 1725172963.830088
File C:\Users\admin\AppData\Local\Programs\Python\Python311\Lib\_markupbase.py first seen with mtime 1686097818.0
File C:\Users\admin\Desktop\Bus-Scheduling-And-Routing\venv\Lib\site-packages\django\contrib\staticfiles\finders.py first seen with mtime 1725183122.4595878
File C:\Users\admin\Desktop\Bus-Scheduling-And-Routing\venv\Lib\site-packages\rest_framework\templates\rest_framework first seen with mtime 1725173022.0010097
File C:\Users\admin\Desktop\Bus-Scheduling-And-Routing\venv\Lib\site-packages\rest_framework\templates\rest_framework\admin first seen with mtime 1725173021.8005488
File C:\Users\admin\Desktop\Bus-Scheduling-And-Routing\venv\Lib\site-packages\rest_framework\templates\rest_framework\admin.html first seen with mtime 1725173021.7756133
File C:\Users\admin\Desktop\Bus-Scheduling-And-Routing\venv\Lib\site-packages\rest_framework\templates\rest_framework\api.html first seen with mtime 1725173021.777738
File C:\Users\admin\Desktop\Bus-Scheduling-And-Routing\venv\Lib\site-packages\rest_framework\templates\rest_framework\base.html first seen with mtime 1725173021.7796023
File C:\Users\admin\Desktop\Bus-Scheduling-And-Routing\venv\Lib\site-packages\rest_framework\templates\rest_framework\docs first seen with mtime 1725173021.8396015
File C:\Users\admin\Desktop\Bus-Scheduling-And-Routing\venv\Lib\site-packages\rest_framework\templates\rest_framework\filters first seen with mtime 1725173021.861382
File C:\Users\admin\Desktop\Bus-Scheduling-And-Routing\venv\Lib\site-packages\rest_framework\templates\rest_framework\horizontal first seen with mtime 1725173021.917556
File C:\Users\admin\Desktop\Bus-Scheduling-And-Routing\venv\Lib\site-packages\rest_framework\templates\rest_framework\inline first seen with mtime 1725173021.9910443
File C:\Users\admin\Desktop\Bus-Scheduling-And-Routing\venv\Lib\site-packages\rest_framework\templates\rest_framework\login.html first seen with mtime 1725173021.7809503
File C:\Users\admin\Desktop\Bus-Scheduling-And-Routing\venv\Lib\site-packages\rest_framework\templates\rest_framework\login_base.html first seen with mtime 1725173021.7856033
File C:\Users\admin\Desktop\Bus-Scheduling-And-Routing\venv\Lib\site-packages\rest_framework\templates\rest_framework\pagination first seen with mtime 1725173021.9970207
File C:\Users\admin\Desktop\Bus-Scheduling-And-Routing\venv\Lib\site-packages\rest_framework\templates\rest_framework\raw_data_form.html first seen with mtime 1725173021.7898633
File C:\Users\admin\Desktop\Bus-Scheduling-And-Routing\venv\Lib\site-packages\rest_framework\templates\rest_framework\schema.js first seen with mtime 1725173021.791778
File C:\Users\admin\Desktop\Bus-Scheduling-And-Routing\venv\Lib\site-packages\rest_framework\templates\rest_framework\vertical first seen with mtime 1725173022.0528865
File C:\Users\admin\Desktop\Bus-Scheduling-And-Routing\venv\Lib\site-packages\rest_framework\templates\rest_framework\admin\detail.html first seen with mtime 1725173021.7935643
File C:\Users\admin\Desktop\Bus-Scheduling-And-Routing\venv\Lib\site-packages\rest_framework\templates\rest_framework\admin\dict_value.html first seen with mtime 1725173021.794562
File C:\Users\admin\Desktop\Bus-Scheduling-And-Routing\venv\Lib\site-packages\rest_framework\templates\rest_framework\admin\list.html first seen with mtime 1725173021.7955585
File C:\Users\admin\Desktop\Bus-Scheduling-And-Routing\venv\Lib\site-packages\rest_framework\templates\rest_framework\admin\list_value.html first seen with mtime 1725173021.7985535
File C:\Users\admin\Desktop\Bus-Scheduling-And-Routing\venv\Lib\site-packages\rest_framework\templates\rest_framework\admin\simple_list_value.html first seen with mtime 1725173021.8007843
File C:\Users\admin\Desktop\Bus-Scheduling-And-Routing\venv\Lib\site-packages\rest_framework\templates\rest_framework\docs\auth first seen with mtime 1725173021.838446
File C:\Users\admin\Desktop\Bus-Scheduling-And-Routing\venv\Lib\site-packages\rest_framework\templates\rest_framework\docs\document.html first seen with mtime 1725173021.8058963
File C:\Users\admin\Desktop\Bus-Scheduling-And-Routing\venv\Lib\site-packages\rest_framework\templates\rest_framework\docs\error.html first seen with mtime 1725173021.8077557
File C:\Users\admin\Desktop\Bus-Scheduling-And-Routing\venv\Lib\site-packages\rest_framework\templates\rest_framework\docs\index.html first seen with mtime 1725173021.809523
File C:\Users\admin\Desktop\Bus-Scheduling-And-Routing\venv\Lib\site-packages\rest_framework\templates\rest_framework\docs\interact.html first seen with mtime 1725173021.828655
File C:\Users\admin\Desktop\Bus-Scheduling-And-Routing\venv\Lib\site-packages\rest_framework\templates\rest_framework\docs\langs first seen with mtime 1725173021.8554046
File C:\Users\admin\Desktop\Bus-Scheduling-And-Routing\venv\Lib\site-packages\rest_framework\templates\rest_framework\docs\link.html first seen with mtime 1725173021.8305664
File C:\Users\admin\Desktop\Bus-Scheduling-And-Routing\venv\Lib\site-packages\rest_framework\templates\rest_framework\docs\sidebar.html first seen with mtime 1725173021.8334587
File C:\Users\admin\Desktop\Bus-Scheduling-And-Routing\venv\Lib\site-packages\rest_framework\templates\rest_framework\docs\auth\basic.html first seen with mtime 1725173021.8355668
File C:\Users\admin\Desktop\Bus-Scheduling-And-Routing\venv\Lib\site-packages\rest_framework\templates\rest_framework\docs\auth\session.html first seen with mtime 1725173021.837448
File C:\Users\admin\Desktop\Bus-Scheduling-And-Routing\venv\Lib\site-packages\rest_framework\templates\rest_framework\docs\auth\token.html first seen with mtime 1725173021.838446
File C:\Users\admin\Desktop\Bus-Scheduling-And-Routing\venv\Lib\site-packages\rest_framework\templates\rest_framework\docs\langs\javascript-intro.html first seen with mtime 1725173021.8414361
File C:\Users\admin\Desktop\Bus-Scheduling-And-Routing\venv\Lib\site-packages\rest_framework\templates\rest_framework\docs\langs\javascript.html first seen with mtime 1725173021.8434305
File C:\Users\admin\Desktop\Bus-Scheduling-And-Routing\venv\Lib\site-packages\rest_framework\templates\rest_framework\docs\langs\python-intro.html first seen with mtime 1725173021.8454273
File C:\Users\admin\Desktop\Bus-Scheduling-And-Routing\venv\Lib\site-packages\rest_framework\templates\rest_framework\docs\langs\python.html first seen with mtime 1725173021.84703
File C:\Users\admin\Desktop\Bus-Scheduling-And-Routing\venv\Lib\site-packages\rest_framework\templates\rest_framework\docs\langs\shell-intro.html first seen with mtime 1725173021.8514113
File C:\Users\admin\Desktop\Bus-Scheduling-And-Routing\venv\Lib\site-packages\rest_framework\templates\rest_framework\docs\langs\shell.html first seen with mtime 1725173021.8567505
File C:\Users\admin\Desktop\Bus-Scheduling-And-Routing\venv\Lib\site-packages\rest_framework\templates\rest_framework\filters\base.html first seen with mtime 1725173021.8583927
File C:\Users\admin\Desktop\Bus-Scheduling-And-Routing\venv\Lib\site-packages\rest_framework\templates\rest_framework\filters\ordering.html first seen with mtime 1725173021.8593895
File C:\Users\admin\Desktop\Bus-Scheduling-And-Routing\venv\Lib\site-packages\rest_framework\templates\rest_framework\filters\search.html first seen with mtime 1725173021.861382
File C:\Users\admin\Desktop\Bus-Scheduling-And-Routing\venv\Lib\site-packages\rest_framework\templates\rest_framework\horizontal\checkbox.html first seen with mtime 1725173021.8633783
File C:\Users\admin\Desktop\Bus-Scheduling-And-Routing\venv\Lib\site-packages\rest_framework\templates\rest_framework\horizontal\checkbox_multiple.html first seen with mtime 1725173021.8913028
File C:\Users\admin\Desktop\Bus-Scheduling-And-Routing\venv\Lib\site-packages\rest_framework\templates\rest_framework\horizontal\dict_field.html first seen with mtime 1725173021.8932984
File C:\Users\admin\Desktop\Bus-Scheduling-And-Routing\venv\Lib\site-packages\rest_framework\templates\rest_framework\horizontal\fieldset.html first seen with mtime 1725173021.8953025
File C:\Users\admin\Desktop\Bus-Scheduling-And-Routing\venv\Lib\site-packages\rest_framework\templates\rest_framework\horizontal\form.html first seen with mtime 1725173021.8982854
File C:\Users\admin\Desktop\Bus-Scheduling-And-Routing\venv\Lib\site-packages\rest_framework\templates\rest_framework\horizontal\input.html first seen with mtime 1725173021.901443
File C:\Users\admin\Desktop\Bus-Scheduling-And-Routing\venv\Lib\site-packages\rest_framework\templates\rest_framework\horizontal\list_field.html first seen with mtime 1725173021.9072685
File C:\Users\admin\Desktop\Bus-Scheduling-And-Routing\venv\Lib\site-packages\rest_framework\templates\rest_framework\horizontal\list_fieldset.html first seen with mtime 1725173021.9092567
File C:\Users\admin\Desktop\Bus-Scheduling-And-Routing\venv\Lib\site-packages\rest_framework\templates\rest_framework\horizontal\radio.html first seen with mtime 1725173021.91125
File C:\Users\admin\Desktop\Bus-Scheduling-And-Routing\venv\Lib\site-packages\rest_framework\templates\rest_framework\horizontal\select.html first seen with mtime 1725173021.9132454
File C:\Users\admin\Desktop\Bus-Scheduling-And-Routing\venv\Lib\site-packages\rest_framework\templates\rest_framework\horizontal\select_multiple.html first seen with mtime 1725173021.9152417
File C:\Users\admin\Desktop\Bus-Scheduling-And-Routing\venv\Lib\site-packages\rest_framework\templates\rest_framework\horizontal\textarea.html first seen with mtime 1725173021.917556
File C:\Users\admin\Desktop\Bus-Scheduling-And-Routing\venv\Lib\site-packages\rest_framework\templates\rest_framework\inline\checkbox.html first seen with mtime 1725173021.9192288
File C:\Users\admin\Desktop\Bus-Scheduling-And-Routing\venv\Lib\site-packages\rest_framework\templates\rest_framework\inline\checkbox_multiple.html first seen with mtime 1725173021.9212909
File C:\Users\admin\Desktop\Bus-Scheduling-And-Routing\venv\Lib\site-packages\rest_framework\templates\rest_framework\inline\dict_field.html first seen with mtime 1725173021.9232173
File C:\Users\admin\Desktop\Bus-Scheduling-And-Routing\venv\Lib\site-packages\rest_framework\templates\rest_framework\inline\fieldset.html first seen with mtime 1725173021.963111
File C:\Users\admin\Desktop\Bus-Scheduling-And-Routing\venv\Lib\site-packages\rest_framework\templates\rest_framework\inline\form.html first seen with mtime 1725173021.970093
File C:\Users\admin\Desktop\Bus-Scheduling-And-Routing\venv\Lib\site-packages\rest_framework\templates\rest_framework\inline\input.html first seen with mtime 1725173021.9731932
File C:\Users\admin\Desktop\Bus-Scheduling-And-Routing\venv\Lib\site-packages\rest_framework\templates\rest_framework\inline\list_field.html first seen with mtime 1725173021.9750793
File C:\Users\admin\Desktop\Bus-Scheduling-And-Routing\venv\Lib\site-packages\rest_framework\templates\rest_framework\inline\list_fieldset.html first seen with mtime 1725173021.977075
File C:\Users\admin\Desktop\Bus-Scheduling-And-Routing\venv\Lib\site-packages\rest_framework\templates\rest_framework\inline\radio.html first seen with mtime 1725173021.9790702
File C:\Users\admin\Desktop\Bus-Scheduling-And-Routing\venv\Lib\site-packages\rest_framework\templates\rest_framework\inline\select.html first seen with mtime 1725173021.9830594
File C:\Users\admin\Desktop\Bus-Scheduling-And-Routing\venv\Lib\site-packages\rest_framework\templates\rest_framework\inline\select_multiple.html first seen with mtime 1725173021.988067
File C:\Users\admin\Desktop\Bus-Scheduling-And-Routing\venv\Lib\site-packages\rest_framework\templates\rest_framework\inline\textarea.html first seen with mtime 1725173021.9910443
File C:\Users\admin\Desktop\Bus-Scheduling-And-Routing\venv\Lib\site-packages\rest_framework\templates\rest_framework\pagination\numbers.html first seen with mtime 1725173021.9960244
File C:\Users\admin\Desktop\Bus-Scheduling-And-Routing\venv\Lib\site-packages\rest_framework\templates\rest_framework\pagination\previous_and_next.html first seen with mtime 1725173022.000013
File C:\Users\admin\Desktop\Bus-Scheduling-And-Routing\venv\Lib\site-packages\rest_framework\templates\rest_framework\vertical\checkbox.html first seen with mtime 1725173022.0050013
File C:\Users\admin\Desktop\Bus-Scheduling-And-Routing\venv\Lib\site-packages\rest_framework\templates\rest_framework\vertical\checkbox_multiple.html first seen with mtime 1725173022.0264564
File C:\Users\admin\Desktop\Bus-Scheduling-And-Routing\venv\Lib\site-packages\rest_framework\templates\rest_framework\vertical\dict_field.html first seen with mtime 1725173022.0289357
File C:\Users\admin\Desktop\Bus-Scheduling-And-Routing\venv\Lib\site-packages\rest_framework\templates\rest_framework\vertical\fieldset.html first seen with mtime 1725173022.029933
File C:\Users\admin\Desktop\Bus-Scheduling-And-Routing\venv\Lib\site-packages\rest_framework\templates\rest_framework\vertical\form.html first seen with mtime 1725173022.0339236
File C:\Users\admin\Desktop\Bus-Scheduling-And-Routing\venv\Lib\site-packages\rest_framework\templates\rest_framework\vertical\input.html first seen with mtime 1725173022.0389278
File C:\Users\admin\Desktop\Bus-Scheduling-And-Routing\venv\Lib\site-packages\rest_framework\templates\rest_framework\vertical\list_field.html first seen with mtime 1725173022.0409043
File C:\Users\admin\Desktop\Bus-Scheduling-And-Routing\venv\Lib\site-packages\rest_framework\templates\rest_framework\vertical\list_fieldset.html first seen with mtime 1725173022.042898
File C:\Users\admin\Desktop\Bus-Scheduling-And-Routing\venv\Lib\site-packages\rest_framework\templates\rest_framework\vertical\radio.html first seen with mtime 1725173022.0448966
File C:\Users\admin\Desktop\Bus-Scheduling-And-Routing\venv\Lib\site-packages\rest_framework\templates\rest_framework\vertical\select.html first seen with mtime 1725173022.046963
File C:\Users\admin\Desktop\Bus-Scheduling-And-Routing\venv\Lib\site-packages\rest_framework\templates\rest_framework\vertical\select_multiple.html first seen with mtime 1725173022.0508769
File C:\Users\admin\Desktop\Bus-Scheduling-And-Routing\venv\Lib\site-packages\rest_framework\templates\rest_framework\vertical\textarea.html first seen with mtime 1725173022.0548706
File C:\Users\admin\Desktop\Bus-Scheduling-And-Routing\venv\Lib\site-packages\rest_framework\locale\ach\LC_MESSAGES\django.mo first seen with mtime 1725173021.0445683
File C:\Users\admin\Desktop\Bus-Scheduling-And-Routing\venv\Lib\site-packages\rest_framework\locale\ar\LC_MESSAGES\django.mo first seen with mtime 1725173021.046612
File C:\Users\admin\Desktop\Bus-Scheduling-And-Routing\venv\Lib\site-packages\rest_framework\locale\az\LC_MESSAGES\django.mo first seen with mtime 1725173021.0585325
File C:\Users\admin\Desktop\Bus-Scheduling-And-Routing\venv\Lib\site-packages\rest_framework\locale\be\LC_MESSAGES\django.mo first seen with mtime 1725173021.0605261
File C:\Users\admin\Desktop\Bus-Scheduling-And-Routing\venv\Lib\site-packages\rest_framework\locale\bg\LC_MESSAGES\django.mo first seen with mtime 1725173021.0625196
File C:\Users\admin\Desktop\Bus-Scheduling-And-Routing\venv\Lib\site-packages\rest_framework\locale\ca\LC_MESSAGES\django.mo first seen with mtime 1725173021.0655122
File C:\Users\admin\Desktop\Bus-Scheduling-And-Routing\venv\Lib\site-packages\rest_framework\locale\ca_ES\LC_MESSAGES\django.mo first seen with mtime 1725173021.0675075
File C:\Users\admin\Desktop\Bus-Scheduling-And-Routing\venv\Lib\site-packages\rest_framework\locale\cs\LC_MESSAGES\django.mo first seen with mtime 1725173021.0704987
File C:\Users\admin\Desktop\Bus-Scheduling-And-Routing\venv\Lib\site-packages\rest_framework\locale\da\LC_MESSAGES\django.mo first seen with mtime 1725173021.0724938
File C:\Users\admin\Desktop\Bus-Scheduling-And-Routing\venv\Lib\site-packages\rest_framework\locale\de\LC_MESSAGES\django.mo first seen with mtime 1725173021.074505
File C:\Users\admin\Desktop\Bus-Scheduling-And-Routing\venv\Lib\site-packages\rest_framework\locale\el\LC_MESSAGES\django.mo first seen with mtime 1725173021.0767958
File C:\Users\admin\Desktop\Bus-Scheduling-And-Routing\venv\Lib\site-packages\rest_framework\locale\el_GR\LC_MESSAGES\django.mo first seen with mtime 1725173021.0957973
File C:\Users\admin\Desktop\Bus-Scheduling-And-Routing\venv\Lib\site-packages\rest_framework\locale\en\LC_MESSAGES\django.mo first seen with mtime 1725173021.0999177
File C:\Users\admin\Desktop\Bus-Scheduling-And-Routing\venv\Lib\site-packages\rest_framework\locale\en_AU\LC_MESSAGES\django.mo first seen with mtime 1725173021.1014166
File C:\Users\admin\Desktop\Bus-Scheduling-And-Routing\venv\Lib\site-packages\rest_framework\locale\en_CA\LC_MESSAGES\django.mo first seen with mtime 1725173021.1037097
File C:\Users\admin\Desktop\Bus-Scheduling-And-Routing\venv\Lib\site-packages\rest_framework\locale\en_US\LC_MESSAGES\django.mo first seen with mtime 1725173021.106404
File C:\Users\admin\Desktop\Bus-Scheduling-And-Routing\venv\Lib\site-packages\rest_framework\locale\es\LC_MESSAGES\django.mo first seen with mtime 1725173021.108398
File C:\Users\admin\Desktop\Bus-Scheduling-And-Routing\venv\Lib\site-packages\rest_framework\locale\et\LC_MESSAGES\django.mo first seen with mtime 1725173021.110958
File C:\Users\admin\Desktop\Bus-Scheduling-And-Routing\venv\Lib\site-packages\rest_framework\locale\fa\LC_MESSAGES\django.mo first seen with mtime 1725173021.1133845
File C:\Users\admin\Desktop\Bus-Scheduling-And-Routing\venv\Lib\site-packages\rest_framework\locale\fa_IR\LC_MESSAGES\django.mo first seen with mtime 1725173021.1213744
File C:\Users\admin\Desktop\Bus-Scheduling-And-Routing\venv\Lib\site-packages\rest_framework\locale\fi\LC_MESSAGES\django.mo first seen with mtime 1725173021.1243558
File C:\Users\admin\Desktop\Bus-Scheduling-And-Routing\venv\Lib\site-packages\rest_framework\locale\fr\LC_MESSAGES\django.mo first seen with mtime 1725173021.1273515
File C:\Users\admin\Desktop\Bus-Scheduling-And-Routing\venv\Lib\site-packages\rest_framework\locale\fr_CA\LC_MESSAGES\django.mo first seen with mtime 1725173021.129342
File C:\Users\admin\Desktop\Bus-Scheduling-And-Routing\venv\Lib\site-packages\rest_framework\locale\gl\LC_MESSAGES\django.mo first seen with mtime 1725173021.1572764
File C:\Users\admin\Desktop\Bus-Scheduling-And-Routing\venv\Lib\site-packages\rest_framework\locale\gl_ES\LC_MESSAGES\django.mo first seen with mtime 1725173021.1612566
File C:\Users\admin\Desktop\Bus-Scheduling-And-Routing\venv\Lib\site-packages\rest_framework\locale\he_IL\LC_MESSAGES\django.mo first seen with mtime 1725173021.1632514
File C:\Users\admin\Desktop\Bus-Scheduling-And-Routing\venv\Lib\site-packages\rest_framework\locale\hu\LC_MESSAGES\django.mo first seen with mtime 1725173021.1732256
File C:\Users\admin\Desktop\Bus-Scheduling-And-Routing\venv\Lib\site-packages\rest_framework\locale\hy\LC_MESSAGES\django.mo first seen with mtime 1725173021.1752205
File C:\Users\admin\Desktop\Bus-Scheduling-And-Routing\venv\Lib\site-packages\rest_framework\locale\id\LC_MESSAGES\django.mo first seen with mtime 1725173021.177214
File C:\Users\admin\Desktop\Bus-Scheduling-And-Routing\venv\Lib\site-packages\rest_framework\locale\it\LC_MESSAGES\django.mo first seen with mtime 1725173021.1798995
File C:\Users\admin\Desktop\Bus-Scheduling-And-Routing\venv\Lib\site-packages\rest_framework\locale\ja\LC_MESSAGES\django.mo first seen with mtime 1725173021.1841953
File C:\Users\admin\Desktop\Bus-Scheduling-And-Routing\venv\Lib\site-packages\rest_framework\locale\ko_KR\LC_MESSAGES\django.mo first seen with mtime 1725173021.1901793
File C:\Users\admin\Desktop\Bus-Scheduling-And-Routing\venv\Lib\site-packages\rest_framework\locale\lt\LC_MESSAGES\django.mo first seen with mtime 1725173021.1931703
File C:\Users\admin\Desktop\Bus-Scheduling-And-Routing\venv\Lib\site-packages\rest_framework\locale\lv\LC_MESSAGES\django.mo first seen with mtime 1725173021.196164
File C:\Users\admin\Desktop\Bus-Scheduling-And-Routing\venv\Lib\site-packages\rest_framework\locale\mk\LC_MESSAGES\django.mo first seen with mtime 1725173021.2081313
File C:\Users\admin\Desktop\Bus-Scheduling-And-Routing\venv\Lib\site-packages\rest_framework\locale\nb\LC_MESSAGES\django.mo first seen with mtime 1725173021.2101264
File C:\Users\admin\Desktop\Bus-Scheduling-And-Routing\venv\Lib\site-packages\rest_framework\locale\ne_NP\LC_MESSAGES\django.mo first seen with mtime 1725173021.2121212
File C:\Users\admin\Desktop\Bus-Scheduling-And-Routing\venv\Lib\site-packages\rest_framework\locale\nl\LC_MESSAGES\django.mo first seen with mtime 1725173021.221108
File C:\Users\admin\Desktop\Bus-Scheduling-And-Routing\venv\Lib\site-packages\rest_framework\locale\nn\LC_MESSAGES\django.mo first seen with mtime 1725173021.2240891
File C:\Users\admin\Desktop\Bus-Scheduling-And-Routing\venv\Lib\site-packages\rest_framework\locale\no\LC_MESSAGES\django.mo first seen with mtime 1725173021.22708
File C:\Users\admin\Desktop\Bus-Scheduling-And-Routing\venv\Lib\site-packages\rest_framework\locale\pl\LC_MESSAGES\django.mo first seen with mtime 1725173021.230072
File C:\Users\admin\Desktop\Bus-Scheduling-And-Routing\venv\Lib\site-packages\rest_framework\locale\pt\LC_MESSAGES\django.mo first seen with mtime 1725173021.2365055
File C:\Users\admin\Desktop\Bus-Scheduling-And-Routing\venv\Lib\site-packages\rest_framework\locale\pt_BR\LC_MESSAGES\django.mo first seen with mtime 1725173021.240046
File C:\Users\admin\Desktop\Bus-Scheduling-And-Routing\venv\Lib\site-packages\rest_framework\locale\pt_PT\LC_MESSAGES\django.mo first seen with mtime 1725173021.2420397
File C:\Users\admin\Desktop\Bus-Scheduling-And-Routing\venv\Lib\site-packages\rest_framework\locale\ro\LC_MESSAGES\django.mo first seen with mtime 1725173021.245066
File C:\Users\admin\Desktop\Bus-Scheduling-And-Routing\venv\Lib\site-packages\rest_framework\locale\ru\LC_MESSAGES\django.mo first seen with mtime 1725173021.2473364
File C:\Users\admin\Desktop\Bus-Scheduling-And-Routing\venv\Lib\site-packages\rest_framework\locale\ru_RU\LC_MESSAGES\django.mo first seen with mtime 1725173021.3766801
File C:\Users\admin\Desktop\Bus-Scheduling-And-Routing\venv\Lib\site-packages\rest_framework\locale\sk\LC_MESSAGES\django.mo first seen with mtime 1725173021.392792
File C:\Users\admin\Desktop\Bus-Scheduling-And-Routing\venv\Lib\site-packages\rest_framework\locale\sl\LC_MESSAGES\django.mo first seen with mtime 1725173021.4755807
File C:\Users\admin\Desktop\Bus-Scheduling-And-Routing\venv\Lib\site-packages\rest_framework\locale\sv\LC_MESSAGES\django.mo first seen with mtime 1725173021.4794044
File C:\Users\admin\Desktop\Bus-Scheduling-And-Routing\venv\Lib\site-packages\rest_framework\locale\th\LC_MESSAGES\django.mo first seen with mtime 1725173021.4878
File C:\Users\admin\Desktop\Bus-Scheduling-And-Routing\venv\Lib\site-packages\rest_framework\locale\tr\LC_MESSAGES\django.mo first seen with mtime 1725173021.4904382
File C:\Users\admin\Desktop\Bus-Scheduling-And-Routing\venv\Lib\site-packages\rest_framework\locale\tr_TR\LC_MESSAGES\django.mo first seen with mtime 1725173021.4923706
File C:\Users\admin\Desktop\Bus-Scheduling-And-Routing\venv\Lib\site-packages\rest_framework\locale\uk\LC_MESSAGES\django.mo first seen with mtime 1725173021.4953642
File C:\Users\admin\Desktop\Bus-Scheduling-And-Routing\venv\Lib\site-packages\rest_framework\locale\vi\LC_MESSAGES\django.mo first seen with mtime 1725173021.4973571
File C:\Users\admin\Desktop\Bus-Scheduling-And-Routing\venv\Lib\site-packages\rest_framework\locale\zh_CN\LC_MESSAGES\django.mo first seen with mtime 1725173021.5026934
File C:\Users\admin\Desktop\Bus-Scheduling-And-Routing\venv\Lib\site-packages\rest_framework\locale\zh_Hans\LC_MESSAGES\django.mo first seen with mtime 1725173021.544232
File C:\Users\admin\Desktop\Bus-Scheduling-And-Routing\venv\Lib\site-packages\rest_framework\locale\zh_Hant\LC_MESSAGES\django.mo first seen with mtime 1725173021.5462258
File C:\Users\admin\Desktop\Bus-Scheduling-And-Routing\venv\Lib\site-packages\rest_framework\locale\zh_TW\LC_MESSAGES\django.mo first seen with mtime 1725173021.551213
File C:\Users\admin\Desktop\Bus-Scheduling-And-Routing\venv\Lib\site-packages\rest_framework_simplejwt\locale\ar\LC_MESSAGES\django.mo first seen with mtime 1725173025.893682
File C:\Users\admin\Desktop\Bus-Scheduling-And-Routing\venv\Lib\site-packages\rest_framework_simplejwt\locale\cs\LC_MESSAGES\django.mo first seen with mtime 1725173025.9004276
File C:\Users\admin\Desktop\Bus-Scheduling-And-Routing\venv\Lib\site-packages\rest_framework_simplejwt\locale\de\LC_MESSAGES\django.mo first seen with mtime 1725173025.9064088
File C:\Users\admin\Desktop\Bus-Scheduling-And-Routing\venv\Lib\site-packages\rest_framework_simplejwt\locale\es\LC_MESSAGES\django.mo first seen with mtime 1725173025.911395
File C:\Users\admin\Desktop\Bus-Scheduling-And-Routing\venv\Lib\site-packages\rest_framework_simplejwt\locale\es_AR\LC_MESSAGES\django.mo first seen with mtime 1725173025.91738
File C:\Users\admin\Desktop\Bus-Scheduling-And-Routing\venv\Lib\site-packages\rest_framework_simplejwt\locale\es_CL\LC_MESSAGES\django.mo first seen with mtime 1725173025.922642
File C:\Users\admin\Desktop\Bus-Scheduling-And-Routing\venv\Lib\site-packages\rest_framework_simplejwt\locale\fa\LC_MESSAGES\django.mo first seen with mtime 1725173025.9280689
File C:\Users\admin\Desktop\Bus-Scheduling-And-Routing\venv\Lib\site-packages\rest_framework_simplejwt\locale\fa_IR\LC_MESSAGES\django.mo first seen with mtime 1725173025.9333413
File C:\Users\admin\Desktop\Bus-Scheduling-And-Routing\venv\Lib\site-packages\rest_framework_simplejwt\locale\fr\LC_MESSAGES\django.mo first seen with mtime 1725173025.9393234
File C:\Users\admin\Desktop\Bus-Scheduling-And-Routing\venv\Lib\site-packages\rest_framework_simplejwt\locale\he_IL\LC_MESSAGES\django.mo first seen with mtime 1725173025.9443083
File C:\Users\admin\Desktop\Bus-Scheduling-And-Routing\venv\Lib\site-packages\rest_framework_simplejwt\locale\id_ID\LC_MESSAGES\django.mo first seen with mtime 1725173025.9500175
File C:\Users\admin\Desktop\Bus-Scheduling-And-Routing\venv\Lib\site-packages\rest_framework_simplejwt\locale\it_IT\LC_MESSAGES\django.mo first seen with mtime 1725173025.955279
File C:\Users\admin\Desktop\Bus-Scheduling-And-Routing\venv\Lib\site-packages\rest_framework_simplejwt\locale\ko_KR\LC_MESSAGES\django.mo first seen with mtime 1725173025.9612634
File C:\Users\admin\Desktop\Bus-Scheduling-And-Routing\venv\Lib\site-packages\rest_framework_simplejwt\locale\nl_NL\LC_MESSAGES\django.mo first seen with mtime 1725173025.9672484
File C:\Users\admin\Desktop\Bus-Scheduling-And-Routing\venv\Lib\site-packages\rest_framework_simplejwt\locale\pl_PL\LC_MESSAGES\django.mo first seen with mtime 1725173025.9722338
File C:\Users\admin\Desktop\Bus-Scheduling-And-Routing\venv\Lib\site-packages\rest_framework_simplejwt\locale\pt_BR\LC_MESSAGES\django.mo first seen with mtime 1725173025.9772203
File C:\Users\admin\Desktop\Bus-Scheduling-And-Routing\venv\Lib\site-packages\rest_framework_simplejwt\locale\ro\LC_MESSAGES\django.mo first seen with mtime 1725173025.983204
File C:\Users\admin\Desktop\Bus-Scheduling-And-Routing\venv\Lib\site-packages\rest_framework_simplejwt\locale\ru_RU\LC_MESSAGES\django.mo first seen with mtime 1725173025.9871936
File C:\Users\admin\Desktop\Bus-Scheduling-And-Routing\venv\Lib\site-packages\rest_framework_simplejwt\locale\sl\LC_MESSAGES\django.mo first seen with mtime 1725173025.9935043
File C:\Users\admin\Desktop\Bus-Scheduling-And-Routing\venv\Lib\site-packages\rest_framework_simplejwt\locale\sv\LC_MESSAGES\django.mo first seen with mtime 1725173025.998165
File C:\Users\admin\Desktop\Bus-Scheduling-And-Routing\venv\Lib\site-packages\rest_framework_simplejwt\locale\tr\LC_MESSAGES\django.mo first seen with mtime 1725173026.0022426
File C:\Users\admin\Desktop\Bus-Scheduling-And-Routing\venv\Lib\site-packages\rest_framework_simplejwt\locale\uk_UA\LC_MESSAGES\django.mo first seen with mtime 1725173026.0081367
File C:\Users\admin\Desktop\Bus-Scheduling-And-Routing\venv\Lib\site-packages\rest_framework_simplejwt\locale\zh_Hans\LC_MESSAGES\django.mo first seen with mtime 1725173026.0121262
File C:\Users\admin\Desktop\Bus-Scheduling-And-Routing\venv\Lib\site-packages\django\contrib\auth\migrations\0007_alter_validators_add_error_messages.py first seen with mtime 1725183111.005269
File C:\Users\admin\Desktop\Bus-Scheduling-And-Routing\venv\Lib\site-packages\django\db\models\sql\compiler.py first seen with mtime 1725183123.8618357
File C:\Users\admin\Desktop\Bus-Scheduling-And-Routing\venv\Lib\site-packages\django\db\migrations\recorder.py first seen with mtime 1725183123.5924218
File C:\Users\admin\Desktop\Bus-Scheduling-And-Routing\bus_scheduler\api\migrations\0001_initial.py first seen with mtime 1725173175.8477304
File C:\Users\admin\Desktop\Bus-Scheduling-And-Routing\venv\Lib\site-packages\django\contrib\auth\migrations\0009_alter_user_last_name_max_length.py first seen with mtime 1725183111.008222
File C:\Users\admin\Desktop\Bus-Scheduling-And-Routing\bus_scheduler\api\migrations\__init__.py first seen with mtime 1725173093.5933473
File C:\Users\admin\Desktop\Bus-Scheduling-And-Routing\venv\Lib\site-packages\django\contrib\auth\migrations\__init__.py first seen with mtime 1725183111.0371466
File C:\Users\admin\Desktop\Bus-Scheduling-And-Routing\venv\Lib\site-packages\django\contrib\auth\migrations\0011_update_proxy_permissions.py first seen with mtime 1725183111.0122478
File C:\Users\admin\Desktop\Bus-Scheduling-And-Routing\venv\Lib\site-packages\django\contrib\admin\migrations\0002_logentry_remove_auto_add.py first seen with mtime 1725183107.4287994
File C:\Users\admin\Desktop\Bus-Scheduling-And-Routing\venv\Lib\site-packages\django\contrib\auth\migrations\0010_alter_group_name_max_length.py first seen with mtime 1725183111.010463
File C:\Users\admin\Desktop\Bus-Scheduling-And-Routing\venv\Lib\site-packages\django\contrib\contenttypes\migrations\0001_initial.py first seen with mtime 1725183112.0614042
File C:\Users\admin\Desktop\Bus-Scheduling-And-Routing\venv\Lib\site-packages\django\contrib\auth\migrations\0005_alter_user_last_login_null.py first seen with mtime 1725183111.0002449
File C:\Users\admin\Desktop\Bus-Scheduling-And-Routing\venv\Lib\site-packages\django\contrib\contenttypes\migrations\__init__.py first seen with mtime 1725183112.0674102
File C:\Users\admin\Desktop\Bus-Scheduling-And-Routing\venv\Lib\site-packages\django\contrib\contenttypes\migrations\0002_remove_content_type_name.py first seen with mtime 1725183112.0634005
File C:\Users\admin\AppData\Local\Programs\Python\Python311\Lib\stringprep.py first seen with mtime 1686097818.0
File C:\Users\admin\Desktop\Bus-Scheduling-And-Routing\bus_scheduler\api\migrations\0002_remove_bus_number_plate_remove_route_name_and_more.py first seen with mtime 1725182571.0914693
File C:\Users\admin\Desktop\Bus-Scheduling-And-Routing\venv\Lib\site-packages\django\contrib\auth\migrations\0012_alter_user_first_name_max_length.py first seen with mtime 1725183111.0351622
File C:\Users\admin\Desktop\Bus-Scheduling-And-Routing\venv\Lib\site-packages\django\contrib\sessions\migrations\__init__.py first seen with mtime 1725183121.293707
File C:\Users\admin\Desktop\Bus-Scheduling-And-Routing\venv\Lib\site-packages\django\contrib\auth\migrations\0001_initial.py first seen with mtime 1725183110.9743137
File C:\Users\admin\Desktop\Bus-Scheduling-And-Routing\venv\Lib\site-packages\django\contrib\auth\migrations\0008_alter_user_username_max_length.py first seen with mtime 1725183111.0067012
File C:\Users\admin\Desktop\Bus-Scheduling-And-Routing\venv\Lib\site-packages\django\contrib\auth\migrations\0003_alter_user_email_max_length.py first seen with mtime 1725183110.9962556
File C:\Users\admin\Desktop\Bus-Scheduling-And-Routing\bus_scheduler\bus_scheduler\wsgi.py first seen with mtime 1725173075.6491332
File C:\Users\admin\Desktop\Bus-Scheduling-And-Routing\venv\Lib\site-packages\django\contrib\auth\migrations\0002_alter_permission_name_max_length.py first seen with mtime 1725183110.9763093
File C:\Users\admin\AppData\Local\Programs\Python\Python311\Lib\encodings\idna.py first seen with mtime 1686097818.0
File C:\Users\admin\Desktop\Bus-Scheduling-And-Routing\venv\Lib\site-packages\django\contrib\sessions\migrations\0001_initial.py first seen with mtime 1725183121.2927108
File C:\Users\admin\Desktop\Bus-Scheduling-And-Routing\venv\Lib\site-packages\django\contrib\auth\migrations\0004_alter_user_username_opts.py first seen with mtime 1725183110.9972522
File C:\Users\admin\Desktop\Bus-Scheduling-And-Routing\venv\Lib\site-packages\django\contrib\auth\migrations\0006_require_contenttypes_0002.py first seen with mtime 1725183111.0032942
File C:\Users\admin\Desktop\Bus-Scheduling-And-Routing\venv\Lib\site-packages\django\contrib\admin\migrations\0001_initial.py first seen with mtime 1725183107.4268043
File C:\Users\admin\Desktop\Bus-Scheduling-And-Routing\venv\Lib\site-packages\django\contrib\admin\migrations\__init__.py first seen with mtime 1725183107.4317906
File C:\Users\admin\Desktop\Bus-Scheduling-And-Routing\venv\Lib\site-packages\django\contrib\sessions\backends\db.py first seen with mtime 1725183120.5110345
File C:\Users\admin\Desktop\Bus-Scheduling-And-Routing\venv\Lib\site-packages\django\contrib\admin\migrations\0003_logentry_add_action_flag_choices.py first seen with mtime 1725183107.430793
"GET / HTTP/1.1" 200 33
Exception while resolving variable 'name' in template 'unknown'.
Traceback (most recent call last):
  File "C:\Users\admin\Desktop\Bus-Scheduling-And-Routing\venv\Lib\site-packages\django\core\handlers\exception.py", line 55, in inner
    response = get_response(request)
               ^^^^^^^^^^^^^^^^^^^^^
  File "C:\Users\admin\Desktop\Bus-Scheduling-And-Routing\venv\Lib\site-packages\django\core\handlers\base.py", line 181, in _get_response
    callback, callback_args, callback_kwargs = self.resolve_request(request)
                                               ^^^^^^^^^^^^^^^^^^^^^^^^^^^^^
  File "C:\Users\admin\Desktop\Bus-Scheduling-And-Routing\venv\Lib\site-packages\django\core\handlers\base.py", line 313, in resolve_request
    resolver_match = resolver.resolve(request.path_info)
                     ^^^^^^^^^^^^^^^^^^^^^^^^^^^^^^^^^^^
  File "C:\Users\admin\Desktop\Bus-Scheduling-And-Routing\venv\Lib\site-packages\django\urls\resolvers.py", line 705, in resolve
    raise Resolver404({"tried": tried, "path": new_path})
django.urls.exceptions.Resolver404: {'tried': [[<URLResolver <URLPattern list> (admin:admin) 'admin/'>], [<URLResolver <module 'api.urls' from 'C:\\Users\\admin\\Desktop\\Bus-Scheduling-And-Routing\\bus_scheduler\\api\\urls.py'> (None:None) 'api/'>], [<URLPattern '' [name='home']>], [<URLPattern 'swagger/' [name='schema-swagger-ui']>]], 'path': 'favicon.ico'}

During handling of the above exception, another exception occurred:

Traceback (most recent call last):
  File "C:\Users\admin\Desktop\Bus-Scheduling-And-Routing\venv\Lib\site-packages\django\template\base.py", line 883, in _resolve_lookup
    current = current[bit]
              ~~~~~~~^^^^^
TypeError: 'URLResolver' object is not subscriptable

During handling of the above exception, another exception occurred:

Traceback (most recent call last):
  File "C:\Users\admin\Desktop\Bus-Scheduling-And-Routing\venv\Lib\site-packages\django\template\base.py", line 893, in _resolve_lookup
    current = getattr(current, bit)
              ^^^^^^^^^^^^^^^^^^^^^
AttributeError: 'URLResolver' object has no attribute 'name'

During handling of the above exception, another exception occurred:

Traceback (most recent call last):
  File "C:\Users\admin\Desktop\Bus-Scheduling-And-Routing\venv\Lib\site-packages\django\template\base.py", line 899, in _resolve_lookup
    current = current[int(bit)]
                      ^^^^^^^^
ValueError: invalid literal for int() with base 10: 'name'

During handling of the above exception, another exception occurred:

Traceback (most recent call last):
  File "C:\Users\admin\Desktop\Bus-Scheduling-And-Routing\venv\Lib\site-packages\django\template\base.py", line 906, in _resolve_lookup
    raise VariableDoesNotExist(
django.template.base.VariableDoesNotExist: Failed lookup for key [name] in <URLResolver <URLPattern list> (admin:admin) 'admin/'>
Exception while resolving variable 'name' in template 'unknown'.
Traceback (most recent call last):
  File "C:\Users\admin\Desktop\Bus-Scheduling-And-Routing\venv\Lib\site-packages\django\core\handlers\exception.py", line 55, in inner
    response = get_response(request)
               ^^^^^^^^^^^^^^^^^^^^^
  File "C:\Users\admin\Desktop\Bus-Scheduling-And-Routing\venv\Lib\site-packages\django\core\handlers\base.py", line 181, in _get_response
    callback, callback_args, callback_kwargs = self.resolve_request(request)
                                               ^^^^^^^^^^^^^^^^^^^^^^^^^^^^^
  File "C:\Users\admin\Desktop\Bus-Scheduling-And-Routing\venv\Lib\site-packages\django\core\handlers\base.py", line 313, in resolve_request
    resolver_match = resolver.resolve(request.path_info)
                     ^^^^^^^^^^^^^^^^^^^^^^^^^^^^^^^^^^^
  File "C:\Users\admin\Desktop\Bus-Scheduling-And-Routing\venv\Lib\site-packages\django\urls\resolvers.py", line 705, in resolve
    raise Resolver404({"tried": tried, "path": new_path})
django.urls.exceptions.Resolver404: {'tried': [[<URLResolver <URLPattern list> (admin:admin) 'admin/'>], [<URLResolver <module 'api.urls' from 'C:\\Users\\admin\\Desktop\\Bus-Scheduling-And-Routing\\bus_scheduler\\api\\urls.py'> (None:None) 'api/'>], [<URLPattern '' [name='home']>], [<URLPattern 'swagger/' [name='schema-swagger-ui']>]], 'path': 'favicon.ico'}

During handling of the above exception, another exception occurred:

Traceback (most recent call last):
  File "C:\Users\admin\Desktop\Bus-Scheduling-And-Routing\venv\Lib\site-packages\django\template\base.py", line 883, in _resolve_lookup
    current = current[bit]
              ~~~~~~~^^^^^
TypeError: 'URLResolver' object is not subscriptable

During handling of the above exception, another exception occurred:

Traceback (most recent call last):
  File "C:\Users\admin\Desktop\Bus-Scheduling-And-Routing\venv\Lib\site-packages\django\template\base.py", line 893, in _resolve_lookup
    current = getattr(current, bit)
              ^^^^^^^^^^^^^^^^^^^^^
AttributeError: 'URLResolver' object has no attribute 'name'

During handling of the above exception, another exception occurred:

Traceback (most recent call last):
  File "C:\Users\admin\Desktop\Bus-Scheduling-And-Routing\venv\Lib\site-packages\django\template\base.py", line 899, in _resolve_lookup
    current = current[int(bit)]
                      ^^^^^^^^
ValueError: invalid literal for int() with base 10: 'name'

During handling of the above exception, another exception occurred:

Traceback (most recent call last):
  File "C:\Users\admin\Desktop\Bus-Scheduling-And-Routing\venv\Lib\site-packages\django\template\base.py", line 906, in _resolve_lookup
    raise VariableDoesNotExist(
django.template.base.VariableDoesNotExist: Failed lookup for key [name] in <URLResolver <module 'api.urls' from 'C:\\Users\\admin\\Desktop\\Bus-Scheduling-And-Routing\\bus_scheduler\\api\\urls.py'> (None:None) 'api/'>
Not Found: /favicon.ico
"GET /favicon.ico HTTP/1.1" 404 2695
File C:\Users\admin\Desktop\Bus-Scheduling-And-Routing\venv\Lib\site-packages\django\contrib\messages\storage\session.py first seen with mtime 1725183118.3272793
File C:\Users\admin\Desktop\Bus-Scheduling-And-Routing\venv\Lib\site-packages\django\contrib\sessions\serializers.py first seen with mtime 1725183120.5018258
File C:\Users\admin\Desktop\Bus-Scheduling-And-Routing\venv\Lib\site-packages\django\contrib\messages\storage\fallback.py first seen with mtime 1725183118.3246498
File C:\Users\admin\Desktop\Bus-Scheduling-And-Routing\venv\Lib\site-packages\django\contrib\messages\storage\cookie.py first seen with mtime 1725183118.3226547
